{"D:\\UI-UX testing\\Expense-Guru\\Expense-Guru\\client\\src\\App.js": {"path":"D:\\UI-UX testing\\Expense-Guru\\Expense-Guru\\client\\src\\App.js","statementMap":{"0":{"start":{"line":10,"column":2},"end":{"line":22,"column":4}}},"fnMap":{"0":{"name":"App","decl":{"start":{"line":9,"column":9},"end":{"line":9,"column":12}},"loc":{"start":{"line":9,"column":15},"end":{"line":23,"column":1}},"line":9}},"branchMap":{},"s":{"0":12},"f":{"0":12},"b":{},"_coverageSchema":"1a1c01bbd47fc00a2c39e90264f33305004495a9","hash":"79badf74855bac8fa41a49b0c7fdd10a629ba6c7"}
,"D:\\UI-UX testing\\Expense-Guru\\Expense-Guru\\client\\src\\index.js": {"path":"D:\\UI-UX testing\\Expense-Guru\\Expense-Guru\\client\\src\\index.js","statementMap":{"0":{"start":{"line":7,"column":13},"end":{"line":7,"column":65}},"1":{"start":{"line":8,"column":0},"end":{"line":12,"column":2}}},"fnMap":{},"branchMap":{},"s":{"0":0,"1":0},"f":{},"b":{}}
,"D:\\UI-UX testing\\Expense-Guru\\Expense-Guru\\client\\src\\components\\NavBar.js": {"path":"D:\\UI-UX testing\\Expense-Guru\\Expense-Guru\\client\\src\\components\\NavBar.js","statementMap":{"0":{"start":{"line":11,"column":15},"end":{"line":42,"column":1}},"1":{"start":{"line":12,"column":19},"end":{"line":12,"column":32}},"2":{"start":{"line":13,"column":2},"end":{"line":41,"column":4}}},"fnMap":{"0":{"name":"(anonymous_0)","decl":{"start":{"line":11,"column":15},"end":{"line":11,"column":16}},"loc":{"start":{"line":11,"column":21},"end":{"line":42,"column":1}},"line":11}},"branchMap":{"0":{"loc":{"start":{"line":18,"column":38},"end":{"line":18,"column":84}},"type":"cond-expr","locations":[{"start":{"line":18,"column":66},"end":{"line":18,"column":79}},{"start":{"line":18,"column":82},"end":{"line":18,"column":84}}],"line":18},"1":{"loc":{"start":{"line":23,"column":38},"end":{"line":23,"column":94}},"type":"cond-expr","locations":[{"start":{"line":23,"column":76},"end":{"line":23,"column":89}},{"start":{"line":23,"column":92},"end":{"line":23,"column":94}}],"line":23},"2":{"loc":{"start":{"line":28,"column":38},"end":{"line":28,"column":97}},"type":"cond-expr","locations":[{"start":{"line":28,"column":79},"end":{"line":28,"column":92}},{"start":{"line":28,"column":95},"end":{"line":28,"column":97}}],"line":28},"3":{"loc":{"start":{"line":33,"column":38},"end":{"line":33,"column":92}},"type":"cond-expr","locations":[{"start":{"line":33,"column":74},"end":{"line":33,"column":87}},{"start":{"line":33,"column":90},"end":{"line":33,"column":92}}],"line":33}},"s":{"0":1,"1":11,"2":11},"f":{"0":11},"b":{"0":[1,10],"1":[1,10],"2":[1,10],"3":[1,10]},"_coverageSchema":"1a1c01bbd47fc00a2c39e90264f33305004495a9","hash":"19691c83c190b9ca600d90d09a3a2e12e5be9c48"}
,"D:\\UI-UX testing\\Expense-Guru\\Expense-Guru\\client\\src\\pages\\Categories\\Categories.js": {"path":"D:\\UI-UX testing\\Expense-Guru\\Expense-Guru\\client\\src\\pages\\Categories\\Categories.js","statementMap":{"0":{"start":{"line":11,"column":38},"end":{"line":11,"column":52}},"1":{"start":{"line":12,"column":26},"end":{"line":12,"column":38}},"2":{"start":{"line":13,"column":40},"end":{"line":13,"column":52}},"3":{"start":{"line":16,"column":23},"end":{"line":28,"column":3}},"4":{"start":{"line":17,"column":4},"end":{"line":17,"column":23}},"5":{"start":{"line":18,"column":4},"end":{"line":18,"column":52}},"6":{"start":{"line":18,"column":45},"end":{"line":18,"column":52}},"7":{"start":{"line":19,"column":4},"end":{"line":27,"column":5}},"8":{"start":{"line":20,"column":17},"end":{"line":20,"column":18}},"9":{"start":{"line":21,"column":6},"end":{"line":21,"column":70}},"10":{"start":{"line":22,"column":6},"end":{"line":22,"column":24}},"11":{"start":{"line":23,"column":6},"end":{"line":23,"column":18}},"12":{"start":{"line":24,"column":6},"end":{"line":24,"column":25}},"13":{"start":{"line":26,"column":6},"end":{"line":26,"column":55}},"14":{"start":{"line":31,"column":27},"end":{"line":40,"column":3}},"15":{"start":{"line":32,"column":4},"end":{"line":39,"column":5}},"16":{"start":{"line":33,"column":23},"end":{"line":33,"column":58}},"17":{"start":{"line":34,"column":6},"end":{"line":36,"column":9}},"18":{"start":{"line":35,"column":8},"end":{"line":35,"column":48}},"19":{"start":{"line":38,"column":6},"end":{"line":38,"column":57}},"20":{"start":{"line":41,"column":4},"end":{"line":44,"column":9}},"21":{"start":{"line":42,"column":4},"end":{"line":42,"column":42}},"22":{"start":{"line":43,"column":4},"end":{"line":43,"column":22}},"23":{"start":{"line":46,"column":2},"end":{"line":74,"column":4}},"24":{"start":{"line":53,"column":59},"end":{"line":53,"column":82}},"25":{"start":{"line":57,"column":66},"end":{"line":57,"column":96}},"26":{"start":{"line":65,"column":4},"end":{"line":67,"column":9}}},"fnMap":{"0":{"name":"Categories","decl":{"start":{"line":10,"column":9},"end":{"line":10,"column":19}},"loc":{"start":{"line":10,"column":22},"end":{"line":75,"column":1}},"line":10},"1":{"name":"(anonymous_1)","decl":{"start":{"line":16,"column":23},"end":{"line":16,"column":24}},"loc":{"start":{"line":16,"column":36},"end":{"line":28,"column":3}},"line":16},"2":{"name":"(anonymous_2)","decl":{"start":{"line":31,"column":27},"end":{"line":31,"column":28}},"loc":{"start":{"line":31,"column":39},"end":{"line":40,"column":3}},"line":31},"3":{"name":"(anonymous_3)","decl":{"start":{"line":34,"column":16},"end":{"line":34,"column":17}},"loc":{"start":{"line":34,"column":28},"end":{"line":36,"column":7}},"line":34},"4":{"name":"(anonymous_4)","decl":{"start":{"line":41,"column":14},"end":{"line":41,"column":15}},"loc":{"start":{"line":41,"column":20},"end":{"line":44,"column":3}},"line":41},"5":{"name":"(anonymous_5)","decl":{"start":{"line":53,"column":52},"end":{"line":53,"column":53}},"loc":{"start":{"line":53,"column":59},"end":{"line":53,"column":82}},"line":53},"6":{"name":"(anonymous_6)","decl":{"start":{"line":57,"column":59},"end":{"line":57,"column":60}},"loc":{"start":{"line":57,"column":66},"end":{"line":57,"column":96}},"line":57},"7":{"name":"(anonymous_7)","decl":{"start":{"line":64,"column":17},"end":{"line":64,"column":18}},"loc":{"start":{"line":65,"column":4},"end":{"line":67,"column":9}},"line":65}},"branchMap":{"0":{"loc":{"start":{"line":18,"column":4},"end":{"line":18,"column":52}},"type":"if","locations":[{"start":{"line":18,"column":4},"end":{"line":18,"column":52}},{"start":{},"end":{}}],"line":18},"1":{"loc":{"start":{"line":18,"column":8},"end":{"line":18,"column":43}},"type":"binary-expr","locations":[{"start":{"line":18,"column":8},"end":{"line":18,"column":20}},{"start":{"line":18,"column":24},"end":{"line":18,"column":43}}],"line":18},"2":{"loc":{"start":{"line":63,"column":7},"end":{"line":71,"column":1}},"type":"cond-expr","locations":[{"start":{"line":64,"column":2},"end":{"line":68,"column":4}},{"start":{"line":70,"column":2},"end":{"line":70,"column":30}}],"line":63},"3":{"loc":{"start":{"line":63,"column":7},"end":{"line":63,"column":57}},"type":"binary-expr","locations":[{"start":{"line":63,"column":7},"end":{"line":63,"column":32}},{"start":{"line":63,"column":36},"end":{"line":63,"column":57}}],"line":63}},"s":{"0":1,"1":1,"2":1,"3":1,"4":0,"5":0,"6":0,"7":0,"8":0,"9":0,"10":0,"11":0,"12":0,"13":0,"14":1,"15":1,"16":1,"17":0,"18":0,"19":0,"20":1,"21":1,"22":1,"23":1,"24":0,"25":0,"26":0},"f":{"0":1,"1":0,"2":1,"3":0,"4":1,"5":0,"6":0,"7":0},"b":{"0":[0,0],"1":[0,0],"2":[0,1],"3":[1,0]},"_coverageSchema":"1a1c01bbd47fc00a2c39e90264f33305004495a9","hash":"0bebeb685d282f5fbb0743234ba50e29abb37423"}
,"D:\\UI-UX testing\\Expense-Guru\\Expense-Guru\\client\\src\\pages\\Dashboard\\BarChart.js": {"path":"D:\\UI-UX testing\\Expense-Guru\\Expense-Guru\\client\\src\\pages\\Dashboard\\BarChart.js","statementMap":{"0":{"start":{"line":6,"column":17},"end":{"line":123,"column":1}},"1":{"start":{"line":7,"column":25},"end":{"line":7,"column":30}},"2":{"start":{"line":8,"column":47},"end":{"line":8,"column":59}},"3":{"start":{"line":9,"column":51},"end":{"line":9,"column":63}},"4":{"start":{"line":11,"column":32},"end":{"line":28,"column":7}},"5":{"start":{"line":13,"column":17},"end":{"line":24,"column":14}},"6":{"start":{"line":14,"column":24},"end":{"line":14,"column":109}},"7":{"start":{"line":15,"column":10},"end":{"line":17,"column":11}},"8":{"start":{"line":16,"column":12},"end":{"line":16,"column":28}},"9":{"start":{"line":18,"column":10},"end":{"line":20,"column":11}},"10":{"start":{"line":19,"column":12},"end":{"line":19,"column":45}},"11":{"start":{"line":22,"column":10},"end":{"line":22,"column":57}},"12":{"start":{"line":23,"column":10},"end":{"line":23,"column":21}},"13":{"start":{"line":25,"column":26},"end":{"line":25,"column":47}},"14":{"start":{"line":26,"column":8},"end":{"line":26,"column":47}},"15":{"start":{"line":27,"column":8},"end":{"line":27,"column":29}},"16":{"start":{"line":29,"column":25},"end":{"line":49,"column":7}},"17":{"start":{"line":30,"column":23},"end":{"line":30,"column":43}},"18":{"start":{"line":31,"column":30},"end":{"line":31,"column":39}},"19":{"start":{"line":33,"column":8},"end":{"line":37,"column":11}},"20":{"start":{"line":34,"column":10},"end":{"line":36,"column":13}},"21":{"start":{"line":35,"column":12},"end":{"line":35,"column":40}},"22":{"start":{"line":39,"column":33},"end":{"line":39,"column":58}},"23":{"start":{"line":40,"column":23},"end":{"line":46,"column":10}},"24":{"start":{"line":41,"column":23},"end":{"line":44,"column":13}},"25":{"start":{"line":41,"column":44},"end":{"line":44,"column":11}},"26":{"start":{"line":45,"column":10},"end":{"line":45,"column":42}},"27":{"start":{"line":48,"column":8},"end":{"line":48,"column":34}},"28":{"start":{"line":51,"column":4},"end":{"line":63,"column":18}},"29":{"start":{"line":52,"column":8},"end":{"line":61,"column":11}},"30":{"start":{"line":54,"column":12},"end":{"line":54,"column":40}},"31":{"start":{"line":55,"column":12},"end":{"line":55,"column":36}},"32":{"start":{"line":59,"column":12},"end":{"line":59,"column":35}},"33":{"start":{"line":60,"column":13},"end":{"line":60,"column":43}},"34":{"start":{"line":64,"column":4},"end":{"line":117,"column":35}},"35":{"start":{"line":65,"column":8},"end":{"line":65,"column":30}},"36":{"start":{"line":66,"column":8},"end":{"line":116,"column":11}},"37":{"start":{"line":120,"column":4},"end":{"line":122,"column":6}}},"fnMap":{"0":{"name":"(anonymous_0)","decl":{"start":{"line":6,"column":17},"end":{"line":6,"column":18}},"loc":{"start":{"line":6,"column":28},"end":{"line":123,"column":1}},"line":6},"1":{"name":"(anonymous_1)","decl":{"start":{"line":11,"column":32},"end":{"line":11,"column":33}},"loc":{"start":{"line":11,"column":43},"end":{"line":28,"column":7}},"line":11},"2":{"name":"(anonymous_2)","decl":{"start":{"line":13,"column":39},"end":{"line":13,"column":40}},"loc":{"start":{"line":13,"column":57},"end":{"line":24,"column":9}},"line":13},"3":{"name":"(anonymous_3)","decl":{"start":{"line":29,"column":25},"end":{"line":29,"column":26}},"loc":{"start":{"line":29,"column":44},"end":{"line":49,"column":7}},"line":29},"4":{"name":"(anonymous_4)","decl":{"start":{"line":33,"column":23},"end":{"line":33,"column":24}},"loc":{"start":{"line":33,"column":32},"end":{"line":37,"column":9}},"line":33},"5":{"name":"(anonymous_5)","decl":{"start":{"line":34,"column":46},"end":{"line":34,"column":47}},"loc":{"start":{"line":34,"column":58},"end":{"line":36,"column":11}},"line":34},"6":{"name":"(anonymous_6)","decl":{"start":{"line":40,"column":44},"end":{"line":40,"column":45}},"loc":{"start":{"line":40,"column":56},"end":{"line":46,"column":9}},"line":40},"7":{"name":"(anonymous_7)","decl":{"start":{"line":41,"column":34},"end":{"line":41,"column":35}},"loc":{"start":{"line":41,"column":44},"end":{"line":44,"column":11}},"line":41},"8":{"name":"(anonymous_8)","decl":{"start":{"line":51,"column":14},"end":{"line":51,"column":15}},"loc":{"start":{"line":51,"column":18},"end":{"line":63,"column":5}},"line":51},"9":{"name":"(anonymous_9)","decl":{"start":{"line":64,"column":14},"end":{"line":64,"column":15}},"loc":{"start":{"line":64,"column":20},"end":{"line":117,"column":5}},"line":64}},"branchMap":{"0":{"loc":{"start":{"line":15,"column":10},"end":{"line":17,"column":11}},"type":"if","locations":[{"start":{"line":15,"column":10},"end":{"line":17,"column":11}},{"start":{},"end":{}}],"line":15},"1":{"loc":{"start":{"line":18,"column":10},"end":{"line":20,"column":11}},"type":"if","locations":[{"start":{"line":18,"column":10},"end":{"line":20,"column":11}},{"start":{},"end":{}}],"line":18},"2":{"loc":{"start":{"line":43,"column":15},"end":{"line":43,"column":44}},"type":"binary-expr","locations":[{"start":{"line":43,"column":15},"end":{"line":43,"column":39}},{"start":{"line":43,"column":43},"end":{"line":43,"column":44}}],"line":43},"3":{"loc":{"start":{"line":52,"column":8},"end":{"line":61,"column":11}},"type":"if","locations":[{"start":{"line":52,"column":8},"end":{"line":61,"column":11}},{"start":{"line":58,"column":10},"end":{"line":61,"column":11}}],"line":52},"4":{"loc":{"start":{"line":52,"column":11},"end":{"line":52,"column":40}},"type":"binary-expr","locations":[{"start":{"line":52,"column":11},"end":{"line":52,"column":19}},{"start":{"line":52,"column":23},"end":{"line":52,"column":40}}],"line":52},"5":{"loc":{"start":{"line":79,"column":27},"end":{"line":79,"column":57}},"type":"cond-expr","locations":[{"start":{"line":79,"column":38},"end":{"line":79,"column":54}},{"start":{"line":79,"column":55},"end":{"line":79,"column":57}}],"line":79},"6":{"loc":{"start":{"line":98,"column":20},"end":{"line":98,"column":79}},"type":"binary-expr","locations":[{"start":{"line":98,"column":20},"end":{"line":98,"column":68}},{"start":{"line":98,"column":72},"end":{"line":98,"column":79}}],"line":98},"7":{"loc":{"start":{"line":115,"column":20},"end":{"line":115,"column":52}},"type":"cond-expr","locations":[{"start":{"line":115,"column":32},"end":{"line":115,"column":48}},{"start":{"line":115,"column":50},"end":{"line":115,"column":52}}],"line":115}},"s":{"0":2,"1":2,"2":2,"3":2,"4":2,"5":1,"6":3,"7":3,"8":1,"9":3,"10":3,"11":3,"12":3,"13":1,"14":1,"15":1,"16":2,"17":1,"18":1,"19":1,"20":1,"21":3,"22":1,"23":1,"24":3,"25":3,"26":3,"27":1,"28":2,"29":1,"30":1,"31":1,"32":0,"33":0,"34":2,"35":2,"36":2,"37":2},"f":{"0":2,"1":1,"2":3,"3":1,"4":1,"5":3,"6":3,"7":3,"8":1,"9":2},"b":{"0":[1,2],"1":[3,0],"2":[3,0],"3":[1,0],"4":[1,1],"5":[2,0],"6":[2,2],"7":[2,0]},"_coverageSchema":"1a1c01bbd47fc00a2c39e90264f33305004495a9","hash":"62a6e4f2f7d14f5fecb653a77b277ace83174281"}
,"D:\\UI-UX testing\\Expense-Guru\\Expense-Guru\\client\\src\\pages\\Dashboard\\Card.js": {"path":"D:\\UI-UX testing\\Expense-Guru\\Expense-Guru\\client\\src\\pages\\Dashboard\\Card.js","statementMap":{"0":{"start":{"line":4,"column":17},"end":{"line":22,"column":1}},"1":{"start":{"line":5,"column":36},"end":{"line":5,"column":41}},"2":{"start":{"line":6,"column":4},"end":{"line":21,"column":6}}},"fnMap":{"0":{"name":"(anonymous_0)","decl":{"start":{"line":4,"column":17},"end":{"line":4,"column":18}},"loc":{"start":{"line":4,"column":28},"end":{"line":22,"column":1}},"line":4}},"branchMap":{},"s":{"0":2,"1":1,"2":1},"f":{"0":1},"b":{},"_coverageSchema":"1a1c01bbd47fc00a2c39e90264f33305004495a9","hash":"47946417264248bb9369ce6966ee704bdbf03ce0"}
,"D:\\UI-UX testing\\Expense-Guru\\Expense-Guru\\client\\src\\pages\\Dashboard\\Dashboard.js": {"path":"D:\\UI-UX testing\\Expense-Guru\\Expense-Guru\\client\\src\\pages\\Dashboard\\Dashboard.js","statementMap":{"0":{"start":{"line":10,"column":18},"end":{"line":143,"column":1}},"1":{"start":{"line":11,"column":54},"end":{"line":11,"column":64}},"2":{"start":{"line":12,"column":48},"end":{"line":12,"column":60}},"3":{"start":{"line":13,"column":36},"end":{"line":13,"column":48}},"4":{"start":{"line":14,"column":46},"end":{"line":14,"column":57}},"5":{"start":{"line":15,"column":46},"end":{"line":15,"column":57}},"6":{"start":{"line":16,"column":30},"end":{"line":16,"column":61}},"7":{"start":{"line":17,"column":28},"end":{"line":17,"column":62}},"8":{"start":{"line":18,"column":44},"end":{"line":18,"column":64}},"9":{"start":{"line":20,"column":21},"end":{"line":45,"column":5}},"10":{"start":{"line":21,"column":8},"end":{"line":44,"column":9}},"11":{"start":{"line":22,"column":37},"end":{"line":22,"column":75}},"12":{"start":{"line":23,"column":12},"end":{"line":32,"column":13}},"13":{"start":{"line":25,"column":38},"end":{"line":25,"column":215}},"14":{"start":{"line":25,"column":80},"end":{"line":25,"column":208}},"15":{"start":{"line":26,"column":16},"end":{"line":26,"column":45}},"16":{"start":{"line":27,"column":16},"end":{"line":27,"column":214}},"17":{"start":{"line":27,"column":76},"end":{"line":27,"column":205}},"18":{"start":{"line":30,"column":16},"end":{"line":30,"column":32}},"19":{"start":{"line":31,"column":16},"end":{"line":31,"column":38}},"20":{"start":{"line":34,"column":39},"end":{"line":34,"column":79}},"21":{"start":{"line":35,"column":12},"end":{"line":40,"column":13}},"22":{"start":{"line":36,"column":16},"end":{"line":36,"column":166}},"23":{"start":{"line":36,"column":79},"end":{"line":36,"column":163}},"24":{"start":{"line":39,"column":16},"end":{"line":39,"column":40}},"25":{"start":{"line":43,"column":12},"end":{"line":43,"column":57}},"26":{"start":{"line":53,"column":4},"end":{"line":62,"column":37}},"27":{"start":{"line":55,"column":8},"end":{"line":58,"column":9}},"28":{"start":{"line":56,"column":12},"end":{"line":56,"column":59}},"29":{"start":{"line":57,"column":12},"end":{"line":57,"column":44}},"30":{"start":{"line":59,"column":8},"end":{"line":61,"column":9}},"31":{"start":{"line":60,"column":12},"end":{"line":60,"column":94}},"32":{"start":{"line":64,"column":4},"end":{"line":69,"column":21}},"33":{"start":{"line":65,"column":8},"end":{"line":68,"column":9}},"34":{"start":{"line":66,"column":12},"end":{"line":66,"column":54}},"35":{"start":{"line":67,"column":12},"end":{"line":67,"column":46}},"36":{"start":{"line":72,"column":4},"end":{"line":142,"column":5}},"37":{"start":{"line":78,"column":37},"end":{"line":78,"column":60}},"38":{"start":{"line":84,"column":62},"end":{"line":84,"column":99}},"39":{"start":{"line":85,"column":24},"end":{"line":87,"column":33}},"40":{"start":{"line":97,"column":37},"end":{"line":97,"column":61}},"41":{"start":{"line":105,"column":24},"end":{"line":107,"column":33}}},"fnMap":{"0":{"name":"(anonymous_0)","decl":{"start":{"line":10,"column":18},"end":{"line":10,"column":19}},"loc":{"start":{"line":10,"column":24},"end":{"line":143,"column":1}},"line":10},"1":{"name":"(anonymous_1)","decl":{"start":{"line":20,"column":21},"end":{"line":20,"column":22}},"loc":{"start":{"line":20,"column":50},"end":{"line":45,"column":5}},"line":20},"2":{"name":"(anonymous_2)","decl":{"start":{"line":25,"column":75},"end":{"line":25,"column":76}},"loc":{"start":{"line":25,"column":80},"end":{"line":25,"column":208}},"line":25},"3":{"name":"(anonymous_3)","decl":{"start":{"line":27,"column":71},"end":{"line":27,"column":72}},"loc":{"start":{"line":27,"column":76},"end":{"line":27,"column":205}},"line":27},"4":{"name":"(anonymous_4)","decl":{"start":{"line":36,"column":74},"end":{"line":36,"column":75}},"loc":{"start":{"line":36,"column":79},"end":{"line":36,"column":163}},"line":36},"5":{"name":"(anonymous_5)","decl":{"start":{"line":53,"column":14},"end":{"line":53,"column":15}},"loc":{"start":{"line":53,"column":20},"end":{"line":62,"column":5}},"line":53},"6":{"name":"(anonymous_6)","decl":{"start":{"line":64,"column":14},"end":{"line":64,"column":15}},"loc":{"start":{"line":64,"column":20},"end":{"line":69,"column":5}},"line":64},"7":{"name":"(anonymous_7)","decl":{"start":{"line":78,"column":30},"end":{"line":78,"column":31}},"loc":{"start":{"line":78,"column":37},"end":{"line":78,"column":60}},"line":78},"8":{"name":"(anonymous_8)","decl":{"start":{"line":84,"column":48},"end":{"line":84,"column":49}},"loc":{"start":{"line":84,"column":62},"end":{"line":84,"column":99}},"line":84},"9":{"name":"(anonymous_9)","decl":{"start":{"line":84,"column":105},"end":{"line":84,"column":106}},"loc":{"start":{"line":85,"column":24},"end":{"line":87,"column":33}},"line":85},"10":{"name":"(anonymous_10)","decl":{"start":{"line":97,"column":30},"end":{"line":97,"column":31}},"loc":{"start":{"line":97,"column":37},"end":{"line":97,"column":61}},"line":97},"11":{"name":"(anonymous_11)","decl":{"start":{"line":104,"column":26},"end":{"line":104,"column":27}},"loc":{"start":{"line":105,"column":24},"end":{"line":107,"column":33}},"line":105}},"branchMap":{"0":{"loc":{"start":{"line":23,"column":12},"end":{"line":32,"column":13}},"type":"if","locations":[{"start":{"line":23,"column":12},"end":{"line":32,"column":13}},{"start":{"line":29,"column":17},"end":{"line":32,"column":13}}],"line":23},"1":{"loc":{"start":{"line":23,"column":16},"end":{"line":23,"column":91}},"type":"binary-expr","locations":[{"start":{"line":23,"column":16},"end":{"line":23,"column":47}},{"start":{"line":23,"column":51},"end":{"line":23,"column":91}}],"line":23},"2":{"loc":{"start":{"line":25,"column":38},"end":{"line":25,"column":215}},"type":"binary-expr","locations":[{"start":{"line":25,"column":38},"end":{"line":25,"column":209}},{"start":{"line":25,"column":213},"end":{"line":25,"column":215}}],"line":25},"3":{"loc":{"start":{"line":25,"column":80},"end":{"line":25,"column":208}},"type":"binary-expr","locations":[{"start":{"line":25,"column":80},"end":{"line":25,"column":139}},{"start":{"line":25,"column":143},"end":{"line":25,"column":208}}],"line":25},"4":{"loc":{"start":{"line":27,"column":34},"end":{"line":27,"column":212}},"type":"binary-expr","locations":[{"start":{"line":27,"column":34},"end":{"line":27,"column":206}},{"start":{"line":27,"column":210},"end":{"line":27,"column":212}}],"line":27},"5":{"loc":{"start":{"line":27,"column":76},"end":{"line":27,"column":205}},"type":"binary-expr","locations":[{"start":{"line":27,"column":76},"end":{"line":27,"column":136}},{"start":{"line":27,"column":140},"end":{"line":27,"column":205}}],"line":27},"6":{"loc":{"start":{"line":35,"column":12},"end":{"line":40,"column":13}},"type":"if","locations":[{"start":{"line":35,"column":12},"end":{"line":40,"column":13}},{"start":{"line":38,"column":17},"end":{"line":40,"column":13}}],"line":35},"7":{"loc":{"start":{"line":35,"column":16},"end":{"line":35,"column":95}},"type":"binary-expr","locations":[{"start":{"line":35,"column":16},"end":{"line":35,"column":49}},{"start":{"line":35,"column":53},"end":{"line":35,"column":95}}],"line":35},"8":{"loc":{"start":{"line":36,"column":79},"end":{"line":36,"column":163}},"type":"binary-expr","locations":[{"start":{"line":36,"column":79},"end":{"line":36,"column":118}},{"start":{"line":36,"column":122},"end":{"line":36,"column":163}}],"line":36},"9":{"loc":{"start":{"line":55,"column":8},"end":{"line":58,"column":9}},"type":"if","locations":[{"start":{"line":55,"column":8},"end":{"line":58,"column":9}},{"start":{},"end":{}}],"line":55},"10":{"loc":{"start":{"line":59,"column":8},"end":{"line":61,"column":9}},"type":"if","locations":[{"start":{"line":59,"column":8},"end":{"line":61,"column":9}},{"start":{},"end":{}}],"line":59},"11":{"loc":{"start":{"line":65,"column":8},"end":{"line":68,"column":9}},"type":"if","locations":[{"start":{"line":65,"column":8},"end":{"line":68,"column":9}},{"start":{},"end":{}}],"line":65},"12":{"loc":{"start":{"line":65,"column":12},"end":{"line":65,"column":34}},"type":"binary-expr","locations":[{"start":{"line":65,"column":12},"end":{"line":65,"column":20}},{"start":{"line":65,"column":24},"end":{"line":65,"column":34}}],"line":65},"13":{"loc":{"start":{"line":111,"column":13},"end":{"line":133,"column":13}},"type":"binary-expr","locations":[{"start":{"line":111,"column":13},"end":{"line":111,"column":30}},{"start":{"line":111,"column":34},"end":{"line":111,"column":64}},{"start":{"line":111,"column":68},"end":{"line":111,"column":76}},{"start":{"line":112,"column":16},"end":{"line":132,"column":22}}],"line":111},"14":{"loc":{"start":{"line":134,"column":13},"end":{"line":139,"column":22}},"type":"binary-expr","locations":[{"start":{"line":134,"column":14},"end":{"line":134,"column":23}},{"start":{"line":134,"column":27},"end":{"line":134,"column":48}},{"start":{"line":134,"column":54},"end":{"line":134,"column":72}},{"start":{"line":134,"column":76},"end":{"line":134,"column":107}},{"start":{"line":135,"column":16},"end":{"line":139,"column":22}}],"line":134}},"s":{"0":2,"1":10,"2":10,"3":10,"4":10,"5":10,"6":10,"7":10,"8":10,"9":10,"10":3,"11":3,"12":2,"13":0,"14":0,"15":0,"16":0,"17":0,"18":2,"19":2,"20":2,"21":2,"22":0,"23":0,"24":2,"25":0,"26":10,"27":5,"28":5,"29":5,"30":5,"31":2,"32":10,"33":3,"34":3,"35":3,"36":10,"37":0,"38":200,"39":200,"40":0,"41":120},"f":{"0":10,"1":3,"2":0,"3":0,"4":0,"5":5,"6":3,"7":0,"8":200,"9":200,"10":0,"11":120},"b":{"0":[0,2],"1":[2,0],"2":[0,0],"3":[0,0],"4":[0,0],"5":[0,0],"6":[0,2],"7":[2,0],"8":[0,0],"9":[5,0],"10":[2,3],"11":[3,0],"12":[3,3],"13":[10,4,0,0],"14":[10,10,10,4,10]},"_coverageSchema":"1a1c01bbd47fc00a2c39e90264f33305004495a9","hash":"c30b23c07a818bea252ce94ee455f7a1f0356a8e"}
,"D:\\UI-UX testing\\Expense-Guru\\Expense-Guru\\client\\src\\pages\\Dashboard\\DashboardApi.js": {"path":"D:\\UI-UX testing\\Expense-Guru\\Expense-Guru\\client\\src\\pages\\Dashboard\\DashboardApi.js","statementMap":{"0":{"start":{"line":4,"column":29},"end":{"line":15,"column":1}},"1":{"start":{"line":5,"column":4},"end":{"line":13,"column":5}},"2":{"start":{"line":6,"column":25},"end":{"line":6,"column":145}},"3":{"start":{"line":7,"column":8},"end":{"line":9,"column":9}},"4":{"start":{"line":8,"column":12},"end":{"line":8,"column":28}},"5":{"start":{"line":12,"column":8},"end":{"line":12,"column":53}},"6":{"start":{"line":14,"column":4},"end":{"line":14,"column":16}},"7":{"start":{"line":16,"column":31},"end":{"line":27,"column":1}},"8":{"start":{"line":17,"column":4},"end":{"line":25,"column":5}},"9":{"start":{"line":18,"column":25},"end":{"line":18,"column":148}},"10":{"start":{"line":19,"column":8},"end":{"line":21,"column":9}},"11":{"start":{"line":20,"column":12},"end":{"line":20,"column":28}},"12":{"start":{"line":24,"column":8},"end":{"line":24,"column":53}},"13":{"start":{"line":26,"column":4},"end":{"line":26,"column":16}}},"fnMap":{"0":{"name":"(anonymous_0)","decl":{"start":{"line":4,"column":29},"end":{"line":4,"column":30}},"loc":{"start":{"line":4,"column":53},"end":{"line":15,"column":1}},"line":4},"1":{"name":"(anonymous_1)","decl":{"start":{"line":16,"column":31},"end":{"line":16,"column":32}},"loc":{"start":{"line":16,"column":55},"end":{"line":27,"column":1}},"line":16}},"branchMap":{"0":{"loc":{"start":{"line":7,"column":8},"end":{"line":9,"column":9}},"type":"if","locations":[{"start":{"line":7,"column":8},"end":{"line":9,"column":9}},{"start":{},"end":{}}],"line":7},"1":{"loc":{"start":{"line":19,"column":8},"end":{"line":21,"column":9}},"type":"if","locations":[{"start":{"line":19,"column":8},"end":{"line":21,"column":9}},{"start":{},"end":{}}],"line":19}},"s":{"0":1,"1":1,"2":1,"3":0,"4":0,"5":0,"6":0,"7":1,"8":0,"9":0,"10":0,"11":0,"12":0,"13":0},"f":{"0":1,"1":0},"b":{"0":[0,0],"1":[0,0]},"_coverageSchema":"1a1c01bbd47fc00a2c39e90264f33305004495a9","hash":"0882fdd845e67253280b2bbfcf1ae8734ef72eb9"}
,"D:\\UI-UX testing\\Expense-Guru\\Expense-Guru\\client\\src\\pages\\Dashboard\\DashboardUtils.js": {"path":"D:\\UI-UX testing\\Expense-Guru\\Expense-Guru\\client\\src\\pages\\Dashboard\\DashboardUtils.js","statementMap":{"0":{"start":{"line":1,"column":38},"end":{"line":9,"column":1}},"1":{"start":{"line":2,"column":4},"end":{"line":7,"column":5}},"2":{"start":{"line":3,"column":8},"end":{"line":6,"column":18}},"3":{"start":{"line":4,"column":12},"end":{"line":6,"column":18}},"4":{"start":{"line":4,"column":37},"end":{"line":4,"column":45}},"5":{"start":{"line":5,"column":16},"end":{"line":5,"column":29}},"6":{"start":{"line":8,"column":4},"end":{"line":8,"column":13}},"7":{"start":{"line":11,"column":32},"end":{"line":13,"column":1}},"8":{"start":{"line":12,"column":4},"end":{"line":12,"column":40}}},"fnMap":{"0":{"name":"(anonymous_0)","decl":{"start":{"line":1,"column":38},"end":{"line":1,"column":39}},"loc":{"start":{"line":1,"column":52},"end":{"line":9,"column":1}},"line":1},"1":{"name":"(anonymous_1)","decl":{"start":{"line":4,"column":32},"end":{"line":4,"column":33}},"loc":{"start":{"line":4,"column":37},"end":{"line":4,"column":45}},"line":4},"2":{"name":"(anonymous_2)","decl":{"start":{"line":4,"column":54},"end":{"line":4,"column":55}},"loc":{"start":{"line":4,"column":70},"end":{"line":6,"column":13}},"line":4},"3":{"name":"(anonymous_3)","decl":{"start":{"line":11,"column":32},"end":{"line":11,"column":33}},"loc":{"start":{"line":11,"column":65},"end":{"line":13,"column":1}},"line":11}},"branchMap":{"0":{"loc":{"start":{"line":2,"column":4},"end":{"line":7,"column":5}},"type":"if","locations":[{"start":{"line":2,"column":4},"end":{"line":7,"column":5}},{"start":{},"end":{}}],"line":2},"1":{"loc":{"start":{"line":3,"column":8},"end":{"line":6,"column":18}},"type":"if","locations":[{"start":{"line":3,"column":8},"end":{"line":6,"column":18}},{"start":{},"end":{}}],"line":3}},"s":{"0":2,"1":8,"2":7,"3":1,"4":3,"5":3,"6":7,"7":2,"8":5},"f":{"0":8,"1":3,"2":3,"3":5},"b":{"0":[7,1],"1":[1,6]},"_coverageSchema":"1a1c01bbd47fc00a2c39e90264f33305004495a9","hash":"ea67ee7ad16a1a8576ec74ad317978e76a260e3c"}
,"D:\\UI-UX testing\\Expense-Guru\\Expense-Guru\\client\\src\\pages\\Dashboard\\DonutChart.js": {"path":"D:\\UI-UX testing\\Expense-Guru\\Expense-Guru\\client\\src\\pages\\Dashboard\\DonutChart.js","statementMap":{"0":{"start":{"line":5,"column":0},"end":{"line":5,"column":22}},"1":{"start":{"line":8,"column":19},"end":{"line":180,"column":1}},"2":{"start":{"line":9,"column":35},"end":{"line":9,"column":40}},"3":{"start":{"line":10,"column":41},"end":{"line":10,"column":51}},"4":{"start":{"line":11,"column":49},"end":{"line":11,"column":59}},"5":{"start":{"line":12,"column":59},"end":{"line":12,"column":71}},"6":{"start":{"line":13,"column":30},"end":{"line":19,"column":3}},"7":{"start":{"line":14,"column":4},"end":{"line":18,"column":15}},"8":{"start":{"line":15,"column":6},"end":{"line":15,"column":42}},"9":{"start":{"line":18,"column":6},"end":{"line":18,"column":15}},"10":{"start":{"line":20,"column":19},"end":{"line":100,"column":3}},"11":{"start":{"line":28,"column":4},"end":{"line":99,"column":5}},"12":{"start":{"line":29,"column":22},"end":{"line":95,"column":7}},"13":{"start":{"line":87,"column":12},"end":{"line":91,"column":23}},"14":{"start":{"line":97,"column":6},"end":{"line":97,"column":55}},"15":{"start":{"line":101,"column":30},"end":{"line":111,"column":3}},"16":{"start":{"line":103,"column":14},"end":{"line":109,"column":10}},"17":{"start":{"line":104,"column":6},"end":{"line":106,"column":7}},"18":{"start":{"line":105,"column":8},"end":{"line":105,"column":34}},"19":{"start":{"line":107,"column":6},"end":{"line":107,"column":46}},"20":{"start":{"line":108,"column":6},"end":{"line":108,"column":17}},"21":{"start":{"line":110,"column":4},"end":{"line":110,"column":33}},"22":{"start":{"line":113,"column":2},"end":{"line":115,"column":28}},"23":{"start":{"line":114,"column":4},"end":{"line":114,"column":28}},"24":{"start":{"line":117,"column":2},"end":{"line":170,"column":28}},"25":{"start":{"line":118,"column":20},"end":{"line":118,"column":22}},"26":{"start":{"line":119,"column":24},"end":{"line":119,"column":26}},"27":{"start":{"line":120,"column":26},"end":{"line":120,"column":27}},"28":{"start":{"line":121,"column":4},"end":{"line":163,"column":7}},"29":{"start":{"line":122,"column":29},"end":{"line":122,"column":89}},"30":{"start":{"line":123,"column":28},"end":{"line":123,"column":103}},"31":{"start":{"line":125,"column":6},"end":{"line":125,"column":123}},"32":{"start":{"line":126,"column":20},"end":{"line":126,"column":75}},"33":{"start":{"line":127,"column":6},"end":{"line":161,"column":7}},"34":{"start":{"line":128,"column":8},"end":{"line":143,"column":12}},"35":{"start":{"line":146,"column":8},"end":{"line":160,"column":13}},"36":{"start":{"line":162,"column":6},"end":{"line":162,"column":57}},"37":{"start":{"line":165,"column":4},"end":{"line":167,"column":5}},"38":{"start":{"line":166,"column":6},"end":{"line":166,"column":222}},"39":{"start":{"line":168,"column":4},"end":{"line":168,"column":28}},"40":{"start":{"line":169,"column":4},"end":{"line":169,"column":36}},"41":{"start":{"line":172,"column":2},"end":{"line":174,"column":42}},"42":{"start":{"line":173,"column":4},"end":{"line":173,"column":15}},"43":{"start":{"line":176,"column":2},"end":{"line":179,"column":4}}},"fnMap":{"0":{"name":"(anonymous_0)","decl":{"start":{"line":8,"column":19},"end":{"line":8,"column":20}},"loc":{"start":{"line":8,"column":30},"end":{"line":180,"column":1}},"line":8},"1":{"name":"(anonymous_1)","decl":{"start":{"line":13,"column":30},"end":{"line":13,"column":31}},"loc":{"start":{"line":13,"column":55},"end":{"line":19,"column":3}},"line":13},"2":{"name":"(anonymous_2)","decl":{"start":{"line":20,"column":19},"end":{"line":20,"column":20}},"loc":{"start":{"line":20,"column":25},"end":{"line":100,"column":3}},"line":20},"3":{"name":"(anonymous_3)","decl":{"start":{"line":86,"column":26},"end":{"line":86,"column":27}},"loc":{"start":{"line":86,"column":38},"end":{"line":92,"column":11}},"line":86},"4":{"name":"(anonymous_4)","decl":{"start":{"line":101,"column":30},"end":{"line":101,"column":31}},"loc":{"start":{"line":101,"column":42},"end":{"line":111,"column":3}},"line":101},"5":{"name":"(anonymous_5)","decl":{"start":{"line":103,"column":36},"end":{"line":103,"column":37}},"loc":{"start":{"line":103,"column":54},"end":{"line":109,"column":5}},"line":103},"6":{"name":"(anonymous_6)","decl":{"start":{"line":113,"column":12},"end":{"line":113,"column":13}},"loc":{"start":{"line":113,"column":18},"end":{"line":115,"column":3}},"line":113},"7":{"name":"(anonymous_7)","decl":{"start":{"line":117,"column":12},"end":{"line":117,"column":13}},"loc":{"start":{"line":117,"column":18},"end":{"line":170,"column":3}},"line":117},"8":{"name":"(anonymous_8)","decl":{"start":{"line":121,"column":34},"end":{"line":121,"column":35}},"loc":{"start":{"line":121,"column":45},"end":{"line":163,"column":5}},"line":121},"9":{"name":"(anonymous_9)","decl":{"start":{"line":172,"column":12},"end":{"line":172,"column":13}},"loc":{"start":{"line":172,"column":16},"end":{"line":174,"column":3}},"line":172}},"branchMap":{"0":{"loc":{"start":{"line":14,"column":4},"end":{"line":18,"column":15}},"type":"if","locations":[{"start":{"line":14,"column":4},"end":{"line":18,"column":15}},{"start":{"line":18,"column":6},"end":{"line":18,"column":15}}],"line":14},"1":{"loc":{"start":{"line":14,"column":8},"end":{"line":14,"column":29}},"type":"binary-expr","locations":[{"start":{"line":14,"column":8},"end":{"line":14,"column":14}},{"start":{"line":14,"column":18},"end":{"line":14,"column":29}}],"line":14},"2":{"loc":{"start":{"line":28,"column":4},"end":{"line":99,"column":5}},"type":"if","locations":[{"start":{"line":28,"column":4},"end":{"line":99,"column":5}},{"start":{},"end":{}}],"line":28},"3":{"loc":{"start":{"line":28,"column":8},"end":{"line":28,"column":44}},"type":"binary-expr","locations":[{"start":{"line":28,"column":8},"end":{"line":28,"column":26}},{"start":{"line":28,"column":30},"end":{"line":28,"column":44}}],"line":28},"4":{"loc":{"start":{"line":104,"column":6},"end":{"line":106,"column":7}},"type":"if","locations":[{"start":{"line":104,"column":6},"end":{"line":106,"column":7}},{"start":{},"end":{}}],"line":104},"5":{"loc":{"start":{"line":126,"column":20},"end":{"line":126,"column":75}},"type":"cond-expr","locations":[{"start":{"line":126,"column":50},"end":{"line":126,"column":71}},{"start":{"line":126,"column":74},"end":{"line":126,"column":75}}],"line":126},"6":{"loc":{"start":{"line":127,"column":6},"end":{"line":161,"column":7}},"type":"if","locations":[{"start":{"line":127,"column":6},"end":{"line":161,"column":7}},{"start":{"line":145,"column":11},"end":{"line":161,"column":7}}],"line":127},"7":{"loc":{"start":{"line":136,"column":31},"end":{"line":136,"column":74}},"type":"binary-expr","locations":[{"start":{"line":136,"column":31},"end":{"line":136,"column":69}},{"start":{"line":136,"column":73},"end":{"line":136,"column":74}}],"line":136},"8":{"loc":{"start":{"line":153,"column":31},"end":{"line":153,"column":74}},"type":"binary-expr","locations":[{"start":{"line":153,"column":31},"end":{"line":153,"column":69}},{"start":{"line":153,"column":73},"end":{"line":153,"column":74}}],"line":153},"9":{"loc":{"start":{"line":158,"column":31},"end":{"line":158,"column":50}},"type":"binary-expr","locations":[{"start":{"line":158,"column":31},"end":{"line":158,"column":45}},{"start":{"line":158,"column":49},"end":{"line":158,"column":50}}],"line":158},"10":{"loc":{"start":{"line":158,"column":63},"end":{"line":158,"column":106}},"type":"binary-expr","locations":[{"start":{"line":158,"column":63},"end":{"line":158,"column":101}},{"start":{"line":158,"column":105},"end":{"line":158,"column":106}}],"line":158},"11":{"loc":{"start":{"line":165,"column":4},"end":{"line":167,"column":5}},"type":"if","locations":[{"start":{"line":165,"column":4},"end":{"line":167,"column":5}},{"start":{},"end":{}}],"line":165}},"s":{"0":2,"1":2,"2":5,"3":5,"4":5,"5":5,"6":5,"7":16,"8":11,"9":5,"10":5,"11":3,"12":2,"13":8,"14":2,"15":5,"16":1,"17":3,"18":3,"19":3,"20":3,"21":1,"22":5,"23":1,"24":5,"25":2,"26":2,"27":2,"28":2,"29":8,"30":8,"31":8,"32":8,"33":8,"34":0,"35":8,"36":8,"37":2,"38":0,"39":2,"40":2,"41":5,"42":3,"43":5},"f":{"0":5,"1":16,"2":3,"3":8,"4":1,"5":3,"6":1,"7":2,"8":8,"9":3},"b":{"0":[11,5],"1":[16,11],"2":[2,1],"3":[3,2],"4":[3,0],"5":[8,0],"6":[0,8],"7":[0,0],"8":[8,5],"9":[8,0],"10":[8,5],"11":[0,2]},"_coverageSchema":"1a1c01bbd47fc00a2c39e90264f33305004495a9","hash":"a8fb754dd04670880583332c433745245e38c82a"}
,"D:\\UI-UX testing\\Expense-Guru\\Expense-Guru\\client\\src\\pages\\Dashboard\\TopExpenses.js": {"path":"D:\\UI-UX testing\\Expense-Guru\\Expense-Guru\\client\\src\\pages\\Dashboard\\TopExpenses.js","statementMap":{"0":{"start":{"line":4,"column":20},"end":{"line":37,"column":1}},"1":{"start":{"line":5,"column":25},"end":{"line":5,"column":30}},"2":{"start":{"line":6,"column":20},"end":{"line":6,"column":59}},"3":{"start":{"line":8,"column":4},"end":{"line":36,"column":6}},"4":{"start":{"line":17,"column":49},"end":{"line":17,"column":68}},"5":{"start":{"line":18,"column":28},"end":{"line":22,"column":33}},"6":{"start":{"line":20,"column":36},"end":{"line":20,"column":115}}},"fnMap":{"0":{"name":"(anonymous_0)","decl":{"start":{"line":4,"column":20},"end":{"line":4,"column":21}},"loc":{"start":{"line":4,"column":31},"end":{"line":37,"column":1}},"line":4},"1":{"name":"(anonymous_1)","decl":{"start":{"line":17,"column":39},"end":{"line":17,"column":40}},"loc":{"start":{"line":17,"column":49},"end":{"line":17,"column":68}},"line":17},"2":{"name":"(anonymous_2)","decl":{"start":{"line":17,"column":86},"end":{"line":17,"column":87}},"loc":{"start":{"line":18,"column":28},"end":{"line":22,"column":33}},"line":18},"3":{"name":"(anonymous_3)","decl":{"start":{"line":19,"column":45},"end":{"line":19,"column":46}},"loc":{"start":{"line":20,"column":36},"end":{"line":20,"column":115}},"line":20}},"branchMap":{"0":{"loc":{"start":{"line":14,"column":17},"end":{"line":25,"column":28}},"type":"binary-expr","locations":[{"start":{"line":14,"column":17},"end":{"line":14,"column":25}},{"start":{"line":14,"column":29},"end":{"line":14,"column":48}},{"start":{"line":15,"column":20},"end":{"line":25,"column":28}}],"line":14},"1":{"loc":{"start":{"line":20,"column":56},"end":{"line":20,"column":109}},"type":"cond-expr","locations":[{"start":{"line":20,"column":78},"end":{"line":20,"column":95}},{"start":{"line":20,"column":98},"end":{"line":20,"column":109}}],"line":20},"2":{"loc":{"start":{"line":27,"column":18},"end":{"line":30,"column":26}},"type":"binary-expr","locations":[{"start":{"line":27,"column":19},"end":{"line":27,"column":28}},{"start":{"line":27,"column":32},"end":{"line":27,"column":51}},{"start":{"line":28,"column":20},"end":{"line":30,"column":26}}],"line":27}},"s":{"0":2,"1":2,"2":2,"3":2,"4":4,"5":3,"6":12},"f":{"0":2,"1":4,"2":3,"3":12},"b":{"0":[2,2,1],"1":[3,9],"2":[2,2,1]},"_coverageSchema":"1a1c01bbd47fc00a2c39e90264f33305004495a9","hash":"f943d4c094729552b82c5f5ba8ea90df0f9b387e"}
,"D:\\UI-UX testing\\Expense-Guru\\Expense-Guru\\client\\src\\pages\\Expenses\\Expenses.js": {"path":"D:\\UI-UX testing\\Expense-Guru\\Expense-Guru\\client\\src\\pages\\Expenses\\Expenses.js","statementMap":{"0":{"start":{"line":30,"column":17},"end":{"line":386,"column":1}},"1":{"start":{"line":31,"column":19},"end":{"line":31,"column":57}},"2":{"start":{"line":32,"column":33},"end":{"line":37,"column":5}},"3":{"start":{"line":33,"column":8},"end":{"line":36,"column":15}},"4":{"start":{"line":34,"column":12},"end":{"line":34,"column":43}},"5":{"start":{"line":35,"column":12},"end":{"line":35,"column":23}},"6":{"start":{"line":39,"column":83},"end":{"line":39,"column":99}},"7":{"start":{"line":41,"column":44},"end":{"line":41,"column":56}},"8":{"start":{"line":42,"column":34},"end":{"line":42,"column":46}},"9":{"start":{"line":43,"column":40},"end":{"line":43,"column":52}},"10":{"start":{"line":44,"column":54},"end":{"line":44,"column":66}},"11":{"start":{"line":45,"column":26},"end":{"line":48,"column":5}},"12":{"start":{"line":50,"column":4},"end":{"line":98,"column":11}},"13":{"start":{"line":51,"column":34},"end":{"line":62,"column":9}},"14":{"start":{"line":52,"column":12},"end":{"line":61,"column":13}},"15":{"start":{"line":53,"column":29},"end":{"line":53,"column":46}},"16":{"start":{"line":54,"column":39},"end":{"line":54,"column":65}},"17":{"start":{"line":55,"column":16},"end":{"line":55,"column":48}},"18":{"start":{"line":56,"column":32},"end":{"line":56,"column":52}},"19":{"start":{"line":57,"column":39},"end":{"line":57,"column":65}},"20":{"start":{"line":58,"column":16},"end":{"line":58,"column":60}},"21":{"start":{"line":60,"column":16},"end":{"line":60,"column":61}},"22":{"start":{"line":64,"column":8},"end":{"line":64,"column":28}},"23":{"start":{"line":65,"column":32},"end":{"line":79,"column":9}},"24":{"start":{"line":66,"column":12},"end":{"line":78,"column":13}},"25":{"start":{"line":67,"column":33},"end":{"line":67,"column":74}},"26":{"start":{"line":68,"column":16},"end":{"line":70,"column":17}},"27":{"start":{"line":69,"column":20},"end":{"line":69,"column":66}},"28":{"start":{"line":71,"column":29},"end":{"line":71,"column":50}},"29":{"start":{"line":72,"column":16},"end":{"line":72,"column":41}},"30":{"start":{"line":73,"column":16},"end":{"line":73,"column":43}},"31":{"start":{"line":74,"column":16},"end":{"line":74,"column":39}},"32":{"start":{"line":77,"column":16},"end":{"line":77,"column":36}},"33":{"start":{"line":80,"column":8},"end":{"line":80,"column":26}},"34":{"start":{"line":81,"column":39},"end":{"line":95,"column":9}},"35":{"start":{"line":82,"column":12},"end":{"line":94,"column":13}},"36":{"start":{"line":83,"column":33},"end":{"line":83,"column":71}},"37":{"start":{"line":84,"column":16},"end":{"line":86,"column":17}},"38":{"start":{"line":85,"column":20},"end":{"line":85,"column":75}},"39":{"start":{"line":87,"column":29},"end":{"line":87,"column":50}},"40":{"start":{"line":88,"column":16},"end":{"line":88,"column":41}},"41":{"start":{"line":89,"column":16},"end":{"line":89,"column":50}},"42":{"start":{"line":93,"column":16},"end":{"line":93,"column":36}},"43":{"start":{"line":96,"column":8},"end":{"line":96,"column":33}},"44":{"start":{"line":100,"column":38},"end":{"line":100,"column":53}},"45":{"start":{"line":101,"column":38},"end":{"line":101,"column":50}},"46":{"start":{"line":102,"column":44},"end":{"line":102,"column":59}},"47":{"start":{"line":103,"column":38},"end":{"line":103,"column":53}},"48":{"start":{"line":104,"column":18},"end":{"line":124,"column":5}},"49":{"start":{"line":126,"column":33},"end":{"line":131,"column":5}},"50":{"start":{"line":134,"column":34},"end":{"line":137,"column":5}},"51":{"start":{"line":135,"column":8},"end":{"line":135,"column":27}},"52":{"start":{"line":136,"column":8},"end":{"line":136,"column":27}},"53":{"start":{"line":139,"column":36},"end":{"line":153,"column":5}},"54":{"start":{"line":140,"column":8},"end":{"line":140,"column":27}},"55":{"start":{"line":141,"column":8},"end":{"line":152,"column":9}},"56":{"start":{"line":143,"column":12},"end":{"line":143,"column":45}},"57":{"start":{"line":146,"column":12},"end":{"line":146,"column":37}},"58":{"start":{"line":148,"column":12},"end":{"line":148,"column":60}},"59":{"start":{"line":151,"column":12},"end":{"line":151,"column":32}},"60":{"start":{"line":156,"column":31},"end":{"line":196,"column":5}},"61":{"start":{"line":157,"column":8},"end":{"line":157,"column":27}},"62":{"start":{"line":160,"column":23},"end":{"line":160,"column":26}},"63":{"start":{"line":162,"column":8},"end":{"line":192,"column":9}},"64":{"start":{"line":163,"column":32},"end":{"line":167,"column":13}},"65":{"start":{"line":169,"column":12},"end":{"line":175,"column":13}},"66":{"start":{"line":170,"column":16},"end":{"line":170,"column":65}},"67":{"start":{"line":173,"column":16},"end":{"line":173,"column":63}},"68":{"start":{"line":177,"column":35},"end":{"line":182,"column":13}},"69":{"start":{"line":184,"column":12},"end":{"line":191,"column":13}},"70":{"start":{"line":185,"column":16},"end":{"line":185,"column":49}},"71":{"start":{"line":186,"column":16},"end":{"line":186,"column":67}},"72":{"start":{"line":189,"column":16},"end":{"line":189,"column":62}},"73":{"start":{"line":193,"column":8},"end":{"line":193,"column":28}},"74":{"start":{"line":194,"column":8},"end":{"line":194,"column":28}},"75":{"start":{"line":195,"column":8},"end":{"line":195,"column":33}},"76":{"start":{"line":198,"column":29},"end":{"line":201,"column":5}},"77":{"start":{"line":199,"column":35},"end":{"line":199,"column":56}},"78":{"start":{"line":200,"column":8},"end":{"line":200,"column":41}},"79":{"start":{"line":203,"column":26},"end":{"line":205,"column":5}},"80":{"start":{"line":204,"column":8},"end":{"line":204,"column":53}},"81":{"start":{"line":207,"column":36},"end":{"line":225,"column":5}},"82":{"start":{"line":208,"column":8},"end":{"line":224,"column":9}},"83":{"start":{"line":209,"column":12},"end":{"line":209,"column":47}},"84":{"start":{"line":210,"column":12},"end":{"line":210,"column":31}},"85":{"start":{"line":211,"column":12},"end":{"line":211,"column":34}},"86":{"start":{"line":214,"column":12},"end":{"line":223,"column":15}},"87":{"start":{"line":227,"column":31},"end":{"line":230,"column":5}},"88":{"start":{"line":228,"column":8},"end":{"line":228,"column":28}},"89":{"start":{"line":229,"column":8},"end":{"line":229,"column":31}},"90":{"start":{"line":232,"column":28},"end":{"line":295,"column":5}},"91":{"start":{"line":233,"column":8},"end":{"line":294,"column":10}},"92":{"start":{"line":236,"column":31},"end":{"line":236,"column":50}},"93":{"start":{"line":247,"column":32},"end":{"line":280,"column":34}},"94":{"start":{"line":258,"column":69},"end":{"line":258,"column":103}},"95":{"start":{"line":267,"column":77},"end":{"line":267,"column":111}},"96":{"start":{"line":270,"column":64},"end":{"line":270,"column":117}},"97":{"start":{"line":297,"column":28},"end":{"line":305,"column":7}},"98":{"start":{"line":297,"column":62},"end":{"line":305,"column":5}},"99":{"start":{"line":307,"column":27},"end":{"line":315,"column":7}},"100":{"start":{"line":307,"column":60},"end":{"line":315,"column":5}},"101":{"start":{"line":318,"column":24},"end":{"line":361,"column":5}},"102":{"start":{"line":320,"column":26},"end":{"line":320,"column":53}},"103":{"start":{"line":322,"column":8},"end":{"line":360,"column":10}},"104":{"start":{"line":328,"column":54},"end":{"line":331,"column":50}},"105":{"start":{"line":337,"column":28},"end":{"line":354,"column":45}},"106":{"start":{"line":339,"column":71},"end":{"line":352,"column":48}},"107":{"start":{"line":343,"column":67},"end":{"line":343,"column":93}},"108":{"start":{"line":348,"column":67},"end":{"line":348,"column":95}},"109":{"start":{"line":364,"column":4},"end":{"line":385,"column":6}},"110":{"start":{"line":375,"column":56},"end":{"line":375,"column":79}}},"fnMap":{"0":{"name":"(anonymous_0)","decl":{"start":{"line":30,"column":17},"end":{"line":30,"column":18}},"loc":{"start":{"line":30,"column":23},"end":{"line":386,"column":1}},"line":30},"1":{"name":"(anonymous_1)","decl":{"start":{"line":32,"column":33},"end":{"line":32,"column":34}},"loc":{"start":{"line":32,"column":41},"end":{"line":37,"column":5}},"line":32},"2":{"name":"(anonymous_2)","decl":{"start":{"line":33,"column":25},"end":{"line":33,"column":26}},"loc":{"start":{"line":33,"column":40},"end":{"line":36,"column":9}},"line":33},"3":{"name":"(anonymous_3)","decl":{"start":{"line":50,"column":14},"end":{"line":50,"column":15}},"loc":{"start":{"line":50,"column":20},"end":{"line":98,"column":5}},"line":50},"4":{"name":"(anonymous_4)","decl":{"start":{"line":51,"column":34},"end":{"line":51,"column":35}},"loc":{"start":{"line":51,"column":46},"end":{"line":62,"column":9}},"line":51},"5":{"name":"(anonymous_5)","decl":{"start":{"line":65,"column":32},"end":{"line":65,"column":33}},"loc":{"start":{"line":65,"column":44},"end":{"line":79,"column":9}},"line":65},"6":{"name":"(anonymous_6)","decl":{"start":{"line":81,"column":39},"end":{"line":81,"column":40}},"loc":{"start":{"line":81,"column":51},"end":{"line":95,"column":9}},"line":81},"7":{"name":"(anonymous_7)","decl":{"start":{"line":134,"column":34},"end":{"line":134,"column":35}},"loc":{"start":{"line":134,"column":44},"end":{"line":137,"column":5}},"line":134},"8":{"name":"(anonymous_8)","decl":{"start":{"line":139,"column":36},"end":{"line":139,"column":37}},"loc":{"start":{"line":139,"column":52},"end":{"line":153,"column":5}},"line":139},"9":{"name":"(anonymous_9)","decl":{"start":{"line":156,"column":31},"end":{"line":156,"column":32}},"loc":{"start":{"line":156,"column":43},"end":{"line":196,"column":5}},"line":156},"10":{"name":"(anonymous_10)","decl":{"start":{"line":198,"column":29},"end":{"line":198,"column":30}},"loc":{"start":{"line":198,"column":45},"end":{"line":201,"column":5}},"line":198},"11":{"name":"(anonymous_11)","decl":{"start":{"line":203,"column":26},"end":{"line":203,"column":27}},"loc":{"start":{"line":203,"column":42},"end":{"line":205,"column":5}},"line":203},"12":{"name":"(anonymous_12)","decl":{"start":{"line":207,"column":36},"end":{"line":207,"column":37}},"loc":{"start":{"line":207,"column":42},"end":{"line":225,"column":5}},"line":207},"13":{"name":"(anonymous_13)","decl":{"start":{"line":227,"column":31},"end":{"line":227,"column":32}},"loc":{"start":{"line":227,"column":37},"end":{"line":230,"column":5}},"line":227},"14":{"name":"(anonymous_14)","decl":{"start":{"line":232,"column":28},"end":{"line":232,"column":29}},"loc":{"start":{"line":232,"column":34},"end":{"line":295,"column":5}},"line":232},"15":{"name":"(anonymous_15)","decl":{"start":{"line":236,"column":25},"end":{"line":236,"column":26}},"loc":{"start":{"line":236,"column":31},"end":{"line":236,"column":50}},"line":236},"16":{"name":"(anonymous_16)","decl":{"start":{"line":246,"column":70},"end":{"line":246,"column":71}},"loc":{"start":{"line":246,"column":88},"end":{"line":281,"column":29}},"line":246},"17":{"name":"(anonymous_17)","decl":{"start":{"line":258,"column":62},"end":{"line":258,"column":63}},"loc":{"start":{"line":258,"column":69},"end":{"line":258,"column":103}},"line":258},"18":{"name":"(anonymous_18)","decl":{"start":{"line":267,"column":70},"end":{"line":267,"column":71}},"loc":{"start":{"line":267,"column":77},"end":{"line":267,"column":111}},"line":267},"19":{"name":"(anonymous_19)","decl":{"start":{"line":269,"column":76},"end":{"line":269,"column":77}},"loc":{"start":{"line":270,"column":64},"end":{"line":270,"column":117}},"line":270},"20":{"name":"(anonymous_20)","decl":{"start":{"line":297,"column":46},"end":{"line":297,"column":47}},"loc":{"start":{"line":297,"column":62},"end":{"line":305,"column":5}},"line":297},"21":{"name":"(anonymous_21)","decl":{"start":{"line":307,"column":44},"end":{"line":307,"column":45}},"loc":{"start":{"line":307,"column":60},"end":{"line":315,"column":5}},"line":307},"22":{"name":"(anonymous_22)","decl":{"start":{"line":318,"column":24},"end":{"line":318,"column":25}},"loc":{"start":{"line":318,"column":30},"end":{"line":361,"column":5}},"line":318},"23":{"name":"(anonymous_23)","decl":{"start":{"line":328,"column":41},"end":{"line":328,"column":42}},"loc":{"start":{"line":328,"column":54},"end":{"line":331,"column":50}},"line":328},"24":{"name":"(anonymous_24)","decl":{"start":{"line":336,"column":39},"end":{"line":336,"column":40}},"loc":{"start":{"line":337,"column":28},"end":{"line":354,"column":45}},"line":337},"25":{"name":"(anonymous_25)","decl":{"start":{"line":339,"column":45},"end":{"line":339,"column":46}},"loc":{"start":{"line":339,"column":71},"end":{"line":352,"column":48}},"line":339},"26":{"name":"(anonymous_26)","decl":{"start":{"line":343,"column":61},"end":{"line":343,"column":62}},"loc":{"start":{"line":343,"column":67},"end":{"line":343,"column":93}},"line":343},"27":{"name":"(anonymous_27)","decl":{"start":{"line":348,"column":61},"end":{"line":348,"column":62}},"loc":{"start":{"line":348,"column":67},"end":{"line":348,"column":95}},"line":348},"28":{"name":"(anonymous_28)","decl":{"start":{"line":375,"column":45},"end":{"line":375,"column":46}},"loc":{"start":{"line":375,"column":56},"end":{"line":375,"column":79}},"line":375}},"branchMap":{"0":{"loc":{"start":{"line":68,"column":16},"end":{"line":70,"column":17}},"type":"if","locations":[{"start":{"line":68,"column":16},"end":{"line":70,"column":17}},{"start":{},"end":{}}],"line":68},"1":{"loc":{"start":{"line":84,"column":16},"end":{"line":86,"column":17}},"type":"if","locations":[{"start":{"line":84,"column":16},"end":{"line":86,"column":17}},{"start":{},"end":{}}],"line":84},"2":{"loc":{"start":{"line":162,"column":8},"end":{"line":192,"column":9}},"type":"if","locations":[{"start":{"line":162,"column":8},"end":{"line":192,"column":9}},{"start":{"line":176,"column":15},"end":{"line":192,"column":9}}],"line":162},"3":{"loc":{"start":{"line":208,"column":8},"end":{"line":224,"column":9}},"type":"if","locations":[{"start":{"line":208,"column":8},"end":{"line":224,"column":9}},{"start":{"line":213,"column":13},"end":{"line":224,"column":9}}],"line":208},"4":{"loc":{"start":{"line":244,"column":33},"end":{"line":244,"column":78}},"type":"cond-expr","locations":[{"start":{"line":244,"column":48},"end":{"line":244,"column":61}},{"start":{"line":244,"column":64},"end":{"line":244,"column":78}}],"line":244},"5":{"loc":{"start":{"line":247,"column":40},"end":{"line":279,"column":37}},"type":"binary-expr","locations":[{"start":{"line":247,"column":40},"end":{"line":247,"column":60}},{"start":{"line":249,"column":40},"end":{"line":278,"column":46}}],"line":247},"6":{"loc":{"start":{"line":252,"column":49},"end":{"line":260,"column":50}},"type":"binary-expr","locations":[{"start":{"line":252,"column":49},"end":{"line":252,"column":67}},{"start":{"line":252,"column":71},"end":{"line":260,"column":50}}],"line":252},"7":{"loc":{"start":{"line":261,"column":49},"end":{"line":274,"column":58}},"type":"binary-expr","locations":[{"start":{"line":261,"column":49},"end":{"line":261,"column":67}},{"start":{"line":261,"column":71},"end":{"line":261,"column":81}},{"start":{"line":261,"column":85},"end":{"line":261,"column":106}},{"start":{"line":262,"column":52},"end":{"line":274,"column":58}}],"line":261},"8":{"loc":{"start":{"line":328,"column":54},"end":{"line":331,"column":50}},"type":"binary-expr","locations":[{"start":{"line":328,"column":54},"end":{"line":328,"column":77}},{"start":{"line":329,"column":32},"end":{"line":331,"column":50}}],"line":328},"9":{"loc":{"start":{"line":339,"column":71},"end":{"line":352,"column":48}},"type":"binary-expr","locations":[{"start":{"line":339,"column":71},"end":{"line":339,"column":94}},{"start":{"line":340,"column":36},"end":{"line":352,"column":48}}],"line":339},"10":{"loc":{"start":{"line":342,"column":41},"end":{"line":346,"column":41}},"type":"binary-expr","locations":[{"start":{"line":342,"column":41},"end":{"line":342,"column":58}},{"start":{"line":343,"column":44},"end":{"line":345,"column":53}}],"line":342},"11":{"loc":{"start":{"line":347,"column":41},"end":{"line":351,"column":41}},"type":"binary-expr","locations":[{"start":{"line":347,"column":41},"end":{"line":347,"column":60}},{"start":{"line":348,"column":44},"end":{"line":350,"column":53}}],"line":347}},"s":{"0":2,"1":4,"2":4,"3":0,"4":0,"5":0,"6":4,"7":4,"8":4,"9":4,"10":4,"11":4,"12":4,"13":1,"14":1,"15":1,"16":0,"17":0,"18":0,"19":0,"20":0,"21":0,"22":1,"23":1,"24":1,"25":1,"26":0,"27":0,"28":0,"29":0,"30":0,"31":0,"32":0,"33":1,"34":1,"35":1,"36":1,"37":0,"38":0,"39":0,"40":0,"41":0,"42":0,"43":1,"44":4,"45":4,"46":4,"47":4,"48":4,"49":4,"50":4,"51":0,"52":0,"53":4,"54":0,"55":0,"56":0,"57":0,"58":0,"59":0,"60":4,"61":0,"62":0,"63":0,"64":0,"65":0,"66":0,"67":0,"68":0,"69":0,"70":0,"71":0,"72":0,"73":0,"74":0,"75":0,"76":4,"77":0,"78":0,"79":4,"80":0,"81":4,"82":1,"83":0,"84":0,"85":0,"86":1,"87":4,"88":0,"89":0,"90":4,"91":4,"92":0,"93":16,"94":0,"95":0,"96":0,"97":4,"98":0,"99":4,"100":0,"101":4,"102":4,"103":4,"104":0,"105":0,"106":0,"107":0,"108":0,"109":4,"110":1},"f":{"0":4,"1":0,"2":0,"3":1,"4":1,"5":1,"6":1,"7":0,"8":0,"9":0,"10":0,"11":0,"12":1,"13":0,"14":4,"15":0,"16":16,"17":0,"18":0,"19":0,"20":0,"21":0,"22":4,"23":0,"24":0,"25":0,"26":0,"27":0,"28":1},"b":{"0":[0,0],"1":[0,0],"2":[0,0],"3":[0,1],"4":[0,4],"5":[16,12],"6":[12,8],"7":[12,4,4,0],"8":[0,0],"9":[0,0],"10":[0,0],"11":[0,0]},"_coverageSchema":"1a1c01bbd47fc00a2c39e90264f33305004495a9","hash":"a0b81daabc665839c6a1fb1b07034669982c5c5f"}
,"D:\\UI-UX testing\\Expense-Guru\\Expense-Guru\\client\\src\\pages\\MonthlyBudget\\MonthlyBudget.js": {"path":"D:\\UI-UX testing\\Expense-Guru\\Expense-Guru\\client\\src\\pages\\MonthlyBudget\\MonthlyBudget.js","statementMap":{"0":{"start":{"line":11,"column":19},"end":{"line":11,"column":25}},"1":{"start":{"line":15,"column":22},"end":{"line":247,"column":1}},"2":{"start":{"line":17,"column":40},"end":{"line":17,"column":52}},"3":{"start":{"line":18,"column":36},"end":{"line":20,"column":6}},"4":{"start":{"line":21,"column":46},"end":{"line":31,"column":6}},"5":{"start":{"line":35,"column":25},"end":{"line":63,"column":5}},"6":{"start":{"line":36,"column":8},"end":{"line":62,"column":9}},"7":{"start":{"line":38,"column":12},"end":{"line":38,"column":38}},"8":{"start":{"line":39,"column":24},"end":{"line":39,"column":38}},"9":{"start":{"line":40,"column":12},"end":{"line":40,"column":28}},"10":{"start":{"line":41,"column":12},"end":{"line":53,"column":13}},"11":{"start":{"line":42,"column":16},"end":{"line":51,"column":19}},"12":{"start":{"line":52,"column":16},"end":{"line":52,"column":23}},"13":{"start":{"line":56,"column":12},"end":{"line":56,"column":124}},"14":{"start":{"line":56,"column":76},"end":{"line":56,"column":123}},"15":{"start":{"line":57,"column":12},"end":{"line":57,"column":65}},"16":{"start":{"line":58,"column":12},"end":{"line":58,"column":44}},"17":{"start":{"line":60,"column":12},"end":{"line":60,"column":30}},"18":{"start":{"line":61,"column":12},"end":{"line":61,"column":49}},"19":{"start":{"line":65,"column":25},"end":{"line":72,"column":5}},"20":{"start":{"line":66,"column":8},"end":{"line":66,"column":22}},"21":{"start":{"line":67,"column":32},"end":{"line":67,"column":40}},"22":{"start":{"line":68,"column":8},"end":{"line":71,"column":12}},"23":{"start":{"line":68,"column":39},"end":{"line":71,"column":9}},"24":{"start":{"line":73,"column":31},"end":{"line":78,"column":5}},"25":{"start":{"line":74,"column":8},"end":{"line":77,"column":12}},"26":{"start":{"line":74,"column":39},"end":{"line":77,"column":9}},"27":{"start":{"line":79,"column":31},"end":{"line":93,"column":5}},"28":{"start":{"line":80,"column":34},"end":{"line":80,"column":63}},"29":{"start":{"line":81,"column":8},"end":{"line":86,"column":9}},"30":{"start":{"line":82,"column":12},"end":{"line":82,"column":52}},"31":{"start":{"line":83,"column":12},"end":{"line":83,"column":56}},"32":{"start":{"line":85,"column":12},"end":{"line":85,"column":58}},"33":{"start":{"line":87,"column":8},"end":{"line":90,"column":12}},"34":{"start":{"line":87,"column":39},"end":{"line":90,"column":9}},"35":{"start":{"line":91,"column":8},"end":{"line":91,"column":45}},"36":{"start":{"line":95,"column":33},"end":{"line":100,"column":5}},"37":{"start":{"line":96,"column":8},"end":{"line":99,"column":11}},"38":{"start":{"line":102,"column":25},"end":{"line":107,"column":5}},"39":{"start":{"line":104,"column":20},"end":{"line":104,"column":88}},"40":{"start":{"line":104,"column":68},"end":{"line":104,"column":86}},"41":{"start":{"line":105,"column":23},"end":{"line":105,"column":61}},"42":{"start":{"line":105,"column":48},"end":{"line":105,"column":57}},"43":{"start":{"line":106,"column":8},"end":{"line":106,"column":22}},"44":{"start":{"line":109,"column":37},"end":{"line":118,"column":5}},"45":{"start":{"line":110,"column":34},"end":{"line":110,"column":63}},"46":{"start":{"line":112,"column":8},"end":{"line":112,"column":76}},"47":{"start":{"line":113,"column":8},"end":{"line":116,"column":12}},"48":{"start":{"line":113,"column":39},"end":{"line":116,"column":9}},"49":{"start":{"line":120,"column":4},"end":{"line":131,"column":11}},"50":{"start":{"line":121,"column":39},"end":{"line":129,"column":9}},"51":{"start":{"line":122,"column":12},"end":{"line":128,"column":13}},"52":{"start":{"line":123,"column":33},"end":{"line":123,"column":74}},"53":{"start":{"line":124,"column":16},"end":{"line":124,"column":73}},"54":{"start":{"line":124,"column":64},"end":{"line":124,"column":70}},"55":{"start":{"line":127,"column":16},"end":{"line":127,"column":36}},"56":{"start":{"line":130,"column":8},"end":{"line":130,"column":33}},"57":{"start":{"line":133,"column":4},"end":{"line":135,"column":21}},"58":{"start":{"line":134,"column":8},"end":{"line":134,"column":34}},"59":{"start":{"line":136,"column":4},"end":{"line":246,"column":6}},"60":{"start":{"line":147,"column":41},"end":{"line":147,"column":56}},"61":{"start":{"line":157,"column":45},"end":{"line":157,"column":79}},"62":{"start":{"line":164,"column":28},"end":{"line":166,"column":37}},"63":{"start":{"line":175,"column":45},"end":{"line":175,"column":78}},"64":{"start":{"line":178,"column":66},"end":{"line":178,"column":98}},"65":{"start":{"line":179,"column":28},"end":{"line":181,"column":37}},"66":{"start":{"line":197,"column":28},"end":{"line":224,"column":33}},"67":{"start":{"line":201,"column":61},"end":{"line":201,"column":105}},"68":{"start":{"line":204,"column":44},"end":{"line":204,"column":107}},"69":{"start":{"line":213,"column":57},"end":{"line":213,"column":108}},"70":{"start":{"line":220,"column":57},"end":{"line":220,"column":113}},"71":{"start":{"line":230,"column":73},"end":{"line":230,"column":99}},"72":{"start":{"line":235,"column":100},"end":{"line":235,"column":114}}},"fnMap":{"0":{"name":"(anonymous_0)","decl":{"start":{"line":15,"column":22},"end":{"line":15,"column":23}},"loc":{"start":{"line":15,"column":28},"end":{"line":247,"column":1}},"line":15},"1":{"name":"(anonymous_1)","decl":{"start":{"line":35,"column":25},"end":{"line":35,"column":26}},"loc":{"start":{"line":35,"column":37},"end":{"line":63,"column":5}},"line":35},"2":{"name":"(anonymous_2)","decl":{"start":{"line":56,"column":71},"end":{"line":56,"column":72}},"loc":{"start":{"line":56,"column":76},"end":{"line":56,"column":123}},"line":56},"3":{"name":"(anonymous_3)","decl":{"start":{"line":65,"column":25},"end":{"line":65,"column":26}},"loc":{"start":{"line":65,"column":32},"end":{"line":72,"column":5}},"line":65},"4":{"name":"(anonymous_4)","decl":{"start":{"line":68,"column":25},"end":{"line":68,"column":26}},"loc":{"start":{"line":68,"column":39},"end":{"line":71,"column":9}},"line":68},"5":{"name":"(anonymous_5)","decl":{"start":{"line":73,"column":31},"end":{"line":73,"column":32}},"loc":{"start":{"line":73,"column":49},"end":{"line":78,"column":5}},"line":73},"6":{"name":"(anonymous_6)","decl":{"start":{"line":74,"column":25},"end":{"line":74,"column":26}},"loc":{"start":{"line":74,"column":39},"end":{"line":77,"column":9}},"line":74},"7":{"name":"(anonymous_7)","decl":{"start":{"line":79,"column":31},"end":{"line":79,"column":32}},"loc":{"start":{"line":79,"column":56},"end":{"line":93,"column":5}},"line":79},"8":{"name":"(anonymous_8)","decl":{"start":{"line":87,"column":25},"end":{"line":87,"column":26}},"loc":{"start":{"line":87,"column":39},"end":{"line":90,"column":9}},"line":87},"9":{"name":"(anonymous_9)","decl":{"start":{"line":95,"column":33},"end":{"line":95,"column":34}},"loc":{"start":{"line":95,"column":40},"end":{"line":100,"column":5}},"line":95},"10":{"name":"(anonymous_10)","decl":{"start":{"line":102,"column":25},"end":{"line":102,"column":26}},"loc":{"start":{"line":102,"column":31},"end":{"line":107,"column":5}},"line":102},"11":{"name":"(anonymous_11)","decl":{"start":{"line":104,"column":63},"end":{"line":104,"column":64}},"loc":{"start":{"line":104,"column":68},"end":{"line":104,"column":86}},"line":104},"12":{"name":"(anonymous_12)","decl":{"start":{"line":105,"column":34},"end":{"line":105,"column":35}},"loc":{"start":{"line":105,"column":48},"end":{"line":105,"column":57}},"line":105},"13":{"name":"(anonymous_13)","decl":{"start":{"line":109,"column":37},"end":{"line":109,"column":38}},"loc":{"start":{"line":109,"column":43},"end":{"line":118,"column":5}},"line":109},"14":{"name":"(anonymous_14)","decl":{"start":{"line":113,"column":25},"end":{"line":113,"column":26}},"loc":{"start":{"line":113,"column":39},"end":{"line":116,"column":9}},"line":113},"15":{"name":"(anonymous_15)","decl":{"start":{"line":120,"column":14},"end":{"line":120,"column":15}},"loc":{"start":{"line":120,"column":20},"end":{"line":131,"column":5}},"line":120},"16":{"name":"(anonymous_16)","decl":{"start":{"line":121,"column":39},"end":{"line":121,"column":40}},"loc":{"start":{"line":121,"column":51},"end":{"line":129,"column":9}},"line":121},"17":{"name":"(anonymous_17)","decl":{"start":{"line":124,"column":59},"end":{"line":124,"column":60}},"loc":{"start":{"line":124,"column":64},"end":{"line":124,"column":70}},"line":124},"18":{"name":"(anonymous_18)","decl":{"start":{"line":133,"column":14},"end":{"line":133,"column":15}},"loc":{"start":{"line":133,"column":18},"end":{"line":135,"column":5}},"line":133},"19":{"name":"(anonymous_19)","decl":{"start":{"line":147,"column":34},"end":{"line":147,"column":35}},"loc":{"start":{"line":147,"column":41},"end":{"line":147,"column":56}},"line":147},"20":{"name":"(anonymous_20)","decl":{"start":{"line":157,"column":34},"end":{"line":157,"column":35}},"loc":{"start":{"line":157,"column":45},"end":{"line":157,"column":79}},"line":157},"21":{"name":"(anonymous_21)","decl":{"start":{"line":163,"column":30},"end":{"line":163,"column":31}},"loc":{"start":{"line":164,"column":28},"end":{"line":166,"column":37}},"line":164},"22":{"name":"(anonymous_22)","decl":{"start":{"line":175,"column":34},"end":{"line":175,"column":35}},"loc":{"start":{"line":175,"column":45},"end":{"line":175,"column":78}},"line":175},"23":{"name":"(anonymous_23)","decl":{"start":{"line":178,"column":52},"end":{"line":178,"column":53}},"loc":{"start":{"line":178,"column":66},"end":{"line":178,"column":98}},"line":178},"24":{"name":"(anonymous_24)","decl":{"start":{"line":178,"column":104},"end":{"line":178,"column":105}},"loc":{"start":{"line":179,"column":28},"end":{"line":181,"column":37}},"line":179},"25":{"name":"(anonymous_25)","decl":{"start":{"line":196,"column":121},"end":{"line":196,"column":122}},"loc":{"start":{"line":197,"column":28},"end":{"line":224,"column":33}},"line":197},"26":{"name":"(anonymous_26)","decl":{"start":{"line":201,"column":50},"end":{"line":201,"column":51}},"loc":{"start":{"line":201,"column":61},"end":{"line":201,"column":105}},"line":201},"27":{"name":"(anonymous_27)","decl":{"start":{"line":203,"column":56},"end":{"line":203,"column":57}},"loc":{"start":{"line":204,"column":44},"end":{"line":204,"column":107}},"line":204},"28":{"name":"(anonymous_28)","decl":{"start":{"line":213,"column":50},"end":{"line":213,"column":51}},"loc":{"start":{"line":213,"column":57},"end":{"line":213,"column":108}},"line":213},"29":{"name":"(anonymous_29)","decl":{"start":{"line":220,"column":50},"end":{"line":220,"column":51}},"loc":{"start":{"line":220,"column":57},"end":{"line":220,"column":113}},"line":220},"30":{"name":"(anonymous_30)","decl":{"start":{"line":230,"column":67},"end":{"line":230,"column":68}},"loc":{"start":{"line":230,"column":73},"end":{"line":230,"column":99}},"line":230},"31":{"name":"(anonymous_31)","decl":{"start":{"line":235,"column":94},"end":{"line":235,"column":95}},"loc":{"start":{"line":235,"column":100},"end":{"line":235,"column":114}},"line":235}},"branchMap":{"0":{"loc":{"start":{"line":41,"column":12},"end":{"line":53,"column":13}},"type":"if","locations":[{"start":{"line":41,"column":12},"end":{"line":53,"column":13}},{"start":{},"end":{}}],"line":41},"1":{"loc":{"start":{"line":56,"column":76},"end":{"line":56,"column":123}},"type":"binary-expr","locations":[{"start":{"line":56,"column":76},"end":{"line":56,"column":107}},{"start":{"line":56,"column":111},"end":{"line":56,"column":123}}],"line":56},"2":{"loc":{"start":{"line":81,"column":8},"end":{"line":86,"column":9}},"type":"if","locations":[{"start":{"line":81,"column":8},"end":{"line":86,"column":9}},{"start":{"line":84,"column":15},"end":{"line":86,"column":9}}],"line":81},"3":{"loc":{"start":{"line":196,"column":25},"end":{"line":225,"column":26}},"type":"binary-expr","locations":[{"start":{"line":196,"column":25},"end":{"line":196,"column":35}},{"start":{"line":196,"column":39},"end":{"line":196,"column":60}},{"start":{"line":196,"column":64},"end":{"line":196,"column":88}},{"start":{"line":196,"column":92},"end":{"line":225,"column":26}}],"line":196}},"s":{"0":2,"1":2,"2":15,"3":13,"4":13,"5":13,"6":1,"7":1,"8":1,"9":1,"10":1,"11":0,"12":0,"13":1,"14":1,"15":1,"16":0,"17":0,"18":0,"19":13,"20":1,"21":1,"22":1,"23":1,"24":13,"25":4,"26":1,"27":13,"28":0,"29":0,"30":0,"31":0,"32":0,"33":0,"34":0,"35":0,"36":13,"37":0,"38":13,"39":1,"40":1,"41":1,"42":1,"43":1,"44":13,"45":1,"46":1,"47":1,"48":1,"49":13,"50":4,"51":4,"52":4,"53":0,"54":0,"55":0,"56":4,"57":13,"58":4,"59":13,"60":1,"61":2,"62":156,"63":2,"64":130,"65":130,"66":0,"67":0,"68":0,"69":0,"70":0,"71":1,"72":1},"f":{"0":15,"1":1,"2":1,"3":1,"4":1,"5":4,"6":1,"7":0,"8":0,"9":0,"10":1,"11":1,"12":1,"13":1,"14":1,"15":4,"16":4,"17":0,"18":4,"19":1,"20":2,"21":156,"22":2,"23":130,"24":130,"25":0,"26":0,"27":0,"28":0,"29":0,"30":1,"31":1},"b":{"0":[0,1],"1":[1,0],"2":[0,0],"3":[13,13,0,0]},"_coverageSchema":"1a1c01bbd47fc00a2c39e90264f33305004495a9","hash":"f70396759a112ddda069904a155293dd873ec4c2"}
,"D:\\UI-UX testing\\Expense-Guru\\Expense-Guru\\client\\src\\utils\\StaticData.js": {"path":"D:\\UI-UX testing\\Expense-Guru\\Expense-Guru\\client\\src\\utils\\StaticData.js","statementMap":{"0":{"start":{"line":1,"column":13},"end":{"line":1,"column":36}},"1":{"start":{"line":2,"column":35},"end":{"line":2,"column":60}},"2":{"start":{"line":3,"column":38},"end":{"line":3,"column":69}},"3":{"start":{"line":4,"column":34},"end":{"line":4,"column":76}},"4":{"start":{"line":5,"column":43},"end":{"line":5,"column":90}},"5":{"start":{"line":6,"column":35},"end":{"line":6,"column":61}},"6":{"start":{"line":7,"column":36},"end":{"line":7,"column":62}},"7":{"start":{"line":8,"column":41},"end":{"line":8,"column":77}},"8":{"start":{"line":9,"column":39},"end":{"line":9,"column":70}}},"fnMap":{},"branchMap":{},"s":{"0":3,"1":3,"2":3,"3":3,"4":3,"5":3,"6":3,"7":3,"8":3},"f":{},"b":{},"_coverageSchema":"1a1c01bbd47fc00a2c39e90264f33305004495a9","hash":"efbf9086ddd6de8c03e42afbc9e42e39e3e3e749"}
,"D:\\UI-UX testing\\Expense-Guru\\Expense-Guru\\client\\src\\utils\\useExpensesApi.js": {"path":"D:\\UI-UX testing\\Expense-Guru\\Expense-Guru\\client\\src\\utils\\useExpensesApi.js","statementMap":{"0":{"start":{"line":2,"column":30},"end":{"line":102,"column":1}},"1":{"start":{"line":4,"column":28},"end":{"line":9,"column":5}},"2":{"start":{"line":5,"column":30},"end":{"line":5,"column":87}},"3":{"start":{"line":6,"column":8},"end":{"line":8,"column":9}},"4":{"start":{"line":7,"column":12},"end":{"line":7,"column":24}},"5":{"start":{"line":12,"column":22},"end":{"line":23,"column":5}},"6":{"start":{"line":13,"column":8},"end":{"line":22,"column":9}},"7":{"start":{"line":14,"column":29},"end":{"line":14,"column":86}},"8":{"start":{"line":15,"column":12},"end":{"line":17,"column":13}},"9":{"start":{"line":16,"column":16},"end":{"line":16,"column":56}},"10":{"start":{"line":18,"column":25},"end":{"line":18,"column":46}},"11":{"start":{"line":19,"column":12},"end":{"line":19,"column":24}},"12":{"start":{"line":21,"column":12},"end":{"line":21,"column":57}},"13":{"start":{"line":25,"column":23},"end":{"line":44,"column":5}},"14":{"start":{"line":26,"column":8},"end":{"line":43,"column":9}},"15":{"start":{"line":28,"column":29},"end":{"line":34,"column":14}},"16":{"start":{"line":35,"column":12},"end":{"line":37,"column":13}},"17":{"start":{"line":36,"column":16},"end":{"line":36,"column":57}},"18":{"start":{"line":38,"column":25},"end":{"line":38,"column":46}},"19":{"start":{"line":39,"column":12},"end":{"line":39,"column":30}},"20":{"start":{"line":41,"column":12},"end":{"line":41,"column":58}},"21":{"start":{"line":45,"column":26},"end":{"line":66,"column":5}},"22":{"start":{"line":46,"column":8},"end":{"line":65,"column":9}},"23":{"start":{"line":48,"column":29},"end":{"line":53,"column":14}},"24":{"start":{"line":56,"column":12},"end":{"line":58,"column":13}},"25":{"start":{"line":57,"column":16},"end":{"line":57,"column":60}},"26":{"start":{"line":60,"column":25},"end":{"line":60,"column":46}},"27":{"start":{"line":61,"column":12},"end":{"line":61,"column":30}},"28":{"start":{"line":63,"column":12},"end":{"line":63,"column":60}},"29":{"start":{"line":68,"column":24},"end":{"line":92,"column":5}},"30":{"start":{"line":69,"column":8},"end":{"line":91,"column":9}},"31":{"start":{"line":72,"column":29},"end":{"line":78,"column":14}},"32":{"start":{"line":81,"column":12},"end":{"line":83,"column":13}},"33":{"start":{"line":82,"column":16},"end":{"line":82,"column":58}},"34":{"start":{"line":86,"column":25},"end":{"line":86,"column":46}},"35":{"start":{"line":87,"column":12},"end":{"line":87,"column":30}},"36":{"start":{"line":90,"column":12},"end":{"line":90,"column":59}},"37":{"start":{"line":94,"column":4},"end":{"line":100,"column":5}}},"fnMap":{"0":{"name":"(anonymous_0)","decl":{"start":{"line":2,"column":30},"end":{"line":2,"column":31}},"loc":{"start":{"line":2,"column":36},"end":{"line":102,"column":1}},"line":2},"1":{"name":"(anonymous_1)","decl":{"start":{"line":4,"column":28},"end":{"line":4,"column":29}},"loc":{"start":{"line":4,"column":40},"end":{"line":9,"column":5}},"line":4},"2":{"name":"(anonymous_2)","decl":{"start":{"line":12,"column":22},"end":{"line":12,"column":23}},"loc":{"start":{"line":12,"column":34},"end":{"line":23,"column":5}},"line":12},"3":{"name":"(anonymous_3)","decl":{"start":{"line":25,"column":23},"end":{"line":25,"column":24}},"loc":{"start":{"line":25,"column":49},"end":{"line":44,"column":5}},"line":25},"4":{"name":"(anonymous_4)","decl":{"start":{"line":45,"column":26},"end":{"line":45,"column":27}},"loc":{"start":{"line":45,"column":40},"end":{"line":66,"column":5}},"line":45},"5":{"name":"(anonymous_5)","decl":{"start":{"line":68,"column":24},"end":{"line":68,"column":25}},"loc":{"start":{"line":68,"column":51},"end":{"line":92,"column":5}},"line":68}},"branchMap":{"0":{"loc":{"start":{"line":6,"column":8},"end":{"line":8,"column":9}},"type":"if","locations":[{"start":{"line":6,"column":8},"end":{"line":8,"column":9}},{"start":{},"end":{}}],"line":6},"1":{"loc":{"start":{"line":15,"column":12},"end":{"line":17,"column":13}},"type":"if","locations":[{"start":{"line":15,"column":12},"end":{"line":17,"column":13}},{"start":{},"end":{}}],"line":15},"2":{"loc":{"start":{"line":35,"column":12},"end":{"line":37,"column":13}},"type":"if","locations":[{"start":{"line":35,"column":12},"end":{"line":37,"column":13}},{"start":{},"end":{}}],"line":35},"3":{"loc":{"start":{"line":56,"column":12},"end":{"line":58,"column":13}},"type":"if","locations":[{"start":{"line":56,"column":12},"end":{"line":58,"column":13}},{"start":{},"end":{}}],"line":56},"4":{"loc":{"start":{"line":81,"column":12},"end":{"line":83,"column":13}},"type":"if","locations":[{"start":{"line":81,"column":12},"end":{"line":83,"column":13}},{"start":{},"end":{}}],"line":81}},"s":{"0":2,"1":11,"2":23,"3":23,"4":18,"5":11,"6":1,"7":1,"8":0,"9":0,"10":0,"11":0,"12":0,"13":11,"14":0,"15":0,"16":0,"17":0,"18":0,"19":0,"20":0,"21":11,"22":0,"23":0,"24":0,"25":0,"26":0,"27":0,"28":0,"29":11,"30":0,"31":0,"32":0,"33":0,"34":0,"35":0,"36":0,"37":11},"f":{"0":11,"1":23,"2":1,"3":0,"4":0,"5":0},"b":{"0":[18,5],"1":[0,0],"2":[0,0],"3":[0,0],"4":[0,0]},"_coverageSchema":"1a1c01bbd47fc00a2c39e90264f33305004495a9","hash":"6e0bfb7030ca71354b644186ad8ec6c9fb9326fb"}
}
