TN:
SF:src\App.js
FN:9,App
FNF:1
FNH:1
FNDA:12,App
DA:10,12
LF:1
LH:1
BRF:0
BRH:0
end_of_record
TN:
SF:src\index.js
FNF:0
FNH:0
DA:7,0
DA:8,0
LF:2
LH:0
BRF:0
BRH:0
end_of_record
TN:
SF:src\components\NavBar.js
FN:11,(anonymous_0)
FNF:1
FNH:1
FNDA:11,(anonymous_0)
DA:11,1
DA:12,11
DA:13,11
LF:3
LH:3
BRDA:18,0,0,1
BRDA:18,0,1,10
BRDA:23,1,0,1
BRDA:23,1,1,10
BRDA:28,2,0,1
BRDA:28,2,1,10
BRDA:33,3,0,1
BRDA:33,3,1,10
BRF:8
BRH:8
end_of_record
TN:
SF:src\pages\Categories\Categories.js
FN:10,Categories
FN:16,(anonymous_1)
FN:31,(anonymous_2)
FN:34,(anonymous_3)
FN:41,(anonymous_4)
FN:53,(anonymous_5)
FN:57,(anonymous_6)
FN:64,(anonymous_7)
FNF:8
FNH:3
FNDA:1,Categories
FNDA:0,(anonymous_1)
FNDA:1,(anonymous_2)
FNDA:0,(anonymous_3)
FNDA:1,(anonymous_4)
FNDA:0,(anonymous_5)
FNDA:0,(anonymous_6)
FNDA:0,(anonymous_7)
DA:11,1
DA:12,1
DA:13,1
DA:16,1
DA:17,0
DA:18,0
DA:19,0
DA:20,0
DA:21,0
DA:22,0
DA:23,0
DA:24,0
DA:26,0
DA:31,1
DA:32,1
DA:33,1
DA:34,0
DA:35,0
DA:38,0
DA:41,1
DA:42,1
DA:43,1
DA:46,1
DA:53,0
DA:57,0
DA:65,0
LF:26
LH:11
BRDA:18,0,0,0
BRDA:18,0,1,0
BRDA:18,1,0,0
BRDA:18,1,1,0
BRDA:63,2,0,0
BRDA:63,2,1,1
BRDA:63,3,0,1
BRDA:63,3,1,0
BRF:8
BRH:2
end_of_record
TN:
SF:src\pages\Dashboard\BarChart.js
FN:6,(anonymous_0)
FN:11,(anonymous_1)
FN:13,(anonymous_2)
FN:29,(anonymous_3)
FN:33,(anonymous_4)
FN:34,(anonymous_5)
FN:40,(anonymous_6)
FN:41,(anonymous_7)
FN:51,(anonymous_8)
FN:64,(anonymous_9)
FNF:10
FNH:10
FNDA:2,(anonymous_0)
FNDA:1,(anonymous_1)
FNDA:3,(anonymous_2)
FNDA:1,(anonymous_3)
FNDA:1,(anonymous_4)
FNDA:3,(anonymous_5)
FNDA:3,(anonymous_6)
FNDA:3,(anonymous_7)
FNDA:1,(anonymous_8)
FNDA:2,(anonymous_9)
DA:6,2
DA:7,2
DA:8,2
DA:9,2
DA:11,2
DA:13,1
DA:14,3
DA:15,3
DA:16,1
DA:18,3
DA:19,3
DA:22,3
DA:23,3
DA:25,1
DA:26,1
DA:27,1
DA:29,2
DA:30,1
DA:31,1
DA:33,1
DA:34,1
DA:35,3
DA:39,1
DA:40,1
DA:41,3
DA:45,3
DA:48,1
DA:51,2
DA:52,1
DA:54,1
DA:55,1
DA:59,0
DA:60,0
DA:64,2
DA:65,2
DA:66,2
DA:120,2
LF:37
LH:35
BRDA:15,0,0,1
BRDA:15,0,1,2
BRDA:18,1,0,3
BRDA:18,1,1,0
BRDA:43,2,0,3
BRDA:43,2,1,0
BRDA:52,3,0,1
BRDA:52,3,1,0
BRDA:52,4,0,1
BRDA:52,4,1,1
BRDA:79,5,0,2
BRDA:79,5,1,0
BRDA:98,6,0,2
BRDA:98,6,1,2
BRDA:115,7,0,2
BRDA:115,7,1,0
BRF:16
BRH:11
end_of_record
TN:
SF:src\pages\Dashboard\Card.js
FN:4,(anonymous_0)
FNF:1
FNH:1
FNDA:1,(anonymous_0)
DA:4,2
DA:5,1
DA:6,1
LF:3
LH:3
BRF:0
BRH:0
end_of_record
TN:
SF:src\pages\Dashboard\Dashboard.js
FN:10,(anonymous_0)
FN:20,(anonymous_1)
FN:25,(anonymous_2)
FN:27,(anonymous_3)
FN:36,(anonymous_4)
FN:53,(anonymous_5)
FN:64,(anonymous_6)
FN:78,(anonymous_7)
FN:84,(anonymous_8)
FN:84,(anonymous_9)
FN:97,(anonymous_10)
FN:104,(anonymous_11)
FNF:12
FNH:7
FNDA:10,(anonymous_0)
FNDA:3,(anonymous_1)
FNDA:0,(anonymous_2)
FNDA:0,(anonymous_3)
FNDA:0,(anonymous_4)
FNDA:5,(anonymous_5)
FNDA:3,(anonymous_6)
FNDA:0,(anonymous_7)
FNDA:200,(anonymous_8)
FNDA:200,(anonymous_9)
FNDA:0,(anonymous_10)
FNDA:120,(anonymous_11)
DA:10,2
DA:11,10
DA:12,10
DA:13,10
DA:14,10
DA:15,10
DA:16,10
DA:17,10
DA:18,10
DA:20,10
DA:21,3
DA:22,3
DA:23,2
DA:25,0
DA:26,0
DA:27,0
DA:30,2
DA:31,2
DA:34,2
DA:35,2
DA:36,0
DA:39,2
DA:43,0
DA:53,10
DA:55,5
DA:56,5
DA:57,5
DA:59,5
DA:60,2
DA:64,10
DA:65,3
DA:66,3
DA:67,3
DA:72,10
DA:78,0
DA:84,200
DA:85,200
DA:97,0
DA:105,120
LF:39
LH:32
BRDA:23,0,0,0
BRDA:23,0,1,2
BRDA:23,1,0,2
BRDA:23,1,1,0
BRDA:25,2,0,0
BRDA:25,2,1,0
BRDA:25,3,0,0
BRDA:25,3,1,0
BRDA:27,4,0,0
BRDA:27,4,1,0
BRDA:27,5,0,0
BRDA:27,5,1,0
BRDA:35,6,0,0
BRDA:35,6,1,2
BRDA:35,7,0,2
BRDA:35,7,1,0
BRDA:36,8,0,0
BRDA:36,8,1,0
BRDA:55,9,0,5
BRDA:55,9,1,0
BRDA:59,10,0,2
BRDA:59,10,1,3
BRDA:65,11,0,3
BRDA:65,11,1,0
BRDA:65,12,0,3
BRDA:65,12,1,3
BRDA:111,13,0,10
BRDA:111,13,1,4
BRDA:111,13,2,0
BRDA:111,13,3,0
BRDA:134,14,0,10
BRDA:134,14,1,10
BRDA:134,14,2,10
BRDA:134,14,3,4
BRDA:134,14,4,10
BRF:35
BRH:17
end_of_record
TN:
SF:src\pages\Dashboard\DashboardApi.js
FN:4,(anonymous_0)
FN:16,(anonymous_1)
FNF:2
FNH:1
FNDA:1,(anonymous_0)
FNDA:0,(anonymous_1)
DA:4,1
DA:5,1
DA:6,1
DA:7,0
DA:8,0
DA:12,0
DA:14,0
DA:16,1
DA:17,0
DA:18,0
DA:19,0
DA:20,0
DA:24,0
DA:26,0
LF:14
LH:4
BRDA:7,0,0,0
BRDA:7,0,1,0
BRDA:19,1,0,0
BRDA:19,1,1,0
BRF:4
BRH:0
end_of_record
TN:
SF:src\pages\Dashboard\DashboardUtils.js
FN:1,(anonymous_0)
FN:4,(anonymous_1)
FN:4,(anonymous_2)
FN:11,(anonymous_3)
FNF:4
FNH:4
FNDA:8,(anonymous_0)
FNDA:3,(anonymous_1)
FNDA:3,(anonymous_2)
FNDA:5,(anonymous_3)
DA:1,2
DA:2,8
DA:3,7
DA:4,3
DA:5,3
DA:8,7
DA:11,2
DA:12,5
LF:8
LH:8
BRDA:2,0,0,7
BRDA:2,0,1,1
BRDA:3,1,0,1
BRDA:3,1,1,6
BRF:4
BRH:4
end_of_record
TN:
SF:src\pages\Dashboard\DonutChart.js
FN:8,(anonymous_0)
FN:13,(anonymous_1)
FN:20,(anonymous_2)
FN:86,(anonymous_3)
FN:101,(anonymous_4)
FN:103,(anonymous_5)
FN:113,(anonymous_6)
FN:117,(anonymous_7)
FN:121,(anonymous_8)
FN:172,(anonymous_9)
FNF:10
FNH:10
FNDA:5,(anonymous_0)
FNDA:16,(anonymous_1)
FNDA:3,(anonymous_2)
FNDA:8,(anonymous_3)
FNDA:1,(anonymous_4)
FNDA:3,(anonymous_5)
FNDA:1,(anonymous_6)
FNDA:2,(anonymous_7)
FNDA:8,(anonymous_8)
FNDA:3,(anonymous_9)
DA:5,2
DA:8,2
DA:9,5
DA:10,5
DA:11,5
DA:12,5
DA:13,5
DA:14,16
DA:15,11
DA:18,5
DA:20,5
DA:28,3
DA:29,2
DA:87,8
DA:97,2
DA:101,5
DA:103,1
DA:104,3
DA:105,3
DA:107,3
DA:108,3
DA:110,1
DA:113,5
DA:114,1
DA:117,5
DA:118,2
DA:119,2
DA:120,2
DA:121,2
DA:122,8
DA:123,8
DA:125,8
DA:126,8
DA:127,8
DA:128,0
DA:146,8
DA:162,8
DA:165,2
DA:166,0
DA:168,2
DA:169,2
DA:172,5
DA:173,3
DA:176,5
LF:44
LH:42
BRDA:14,0,0,11
BRDA:14,0,1,5
BRDA:14,1,0,16
BRDA:14,1,1,11
BRDA:28,2,0,2
BRDA:28,2,1,1
BRDA:28,3,0,3
BRDA:28,3,1,2
BRDA:104,4,0,3
BRDA:104,4,1,0
BRDA:126,5,0,8
BRDA:126,5,1,0
BRDA:127,6,0,0
BRDA:127,6,1,8
BRDA:136,7,0,0
BRDA:136,7,1,0
BRDA:153,8,0,8
BRDA:153,8,1,5
BRDA:158,9,0,8
BRDA:158,9,1,0
BRDA:158,10,0,8
BRDA:158,10,1,5
BRDA:165,11,0,0
BRDA:165,11,1,2
BRF:24
BRH:17
end_of_record
TN:
SF:src\pages\Dashboard\TopExpenses.js
FN:4,(anonymous_0)
FN:17,(anonymous_1)
FN:17,(anonymous_2)
FN:19,(anonymous_3)
FNF:4
FNH:4
FNDA:2,(anonymous_0)
FNDA:4,(anonymous_1)
FNDA:3,(anonymous_2)
FNDA:12,(anonymous_3)
DA:4,2
DA:5,2
DA:6,2
DA:8,2
DA:17,4
DA:18,3
DA:20,12
LF:7
LH:7
BRDA:14,0,0,2
BRDA:14,0,1,2
BRDA:14,0,2,1
BRDA:20,1,0,3
BRDA:20,1,1,9
BRDA:27,2,0,2
BRDA:27,2,1,2
BRDA:27,2,2,1
BRF:8
BRH:8
end_of_record
TN:
SF:src\pages\Expenses\Expenses.js
FN:30,(anonymous_0)
FN:32,(anonymous_1)
FN:33,(anonymous_2)
FN:50,(anonymous_3)
FN:51,(anonymous_4)
FN:65,(anonymous_5)
FN:81,(anonymous_6)
FN:134,(anonymous_7)
FN:139,(anonymous_8)
FN:156,(anonymous_9)
FN:198,(anonymous_10)
FN:203,(anonymous_11)
FN:207,(anonymous_12)
FN:227,(anonymous_13)
FN:232,(anonymous_14)
FN:236,(anonymous_15)
FN:246,(anonymous_16)
FN:258,(anonymous_17)
FN:267,(anonymous_18)
FN:269,(anonymous_19)
FN:297,(anonymous_20)
FN:307,(anonymous_21)
FN:318,(anonymous_22)
FN:328,(anonymous_23)
FN:336,(anonymous_24)
FN:339,(anonymous_25)
FN:343,(anonymous_26)
FN:348,(anonymous_27)
FN:375,(anonymous_28)
FNF:29
FNH:10
FNDA:4,(anonymous_0)
FNDA:0,(anonymous_1)
FNDA:0,(anonymous_2)
FNDA:1,(anonymous_3)
FNDA:1,(anonymous_4)
FNDA:1,(anonymous_5)
FNDA:1,(anonymous_6)
FNDA:0,(anonymous_7)
FNDA:0,(anonymous_8)
FNDA:0,(anonymous_9)
FNDA:0,(anonymous_10)
FNDA:0,(anonymous_11)
FNDA:1,(anonymous_12)
FNDA:0,(anonymous_13)
FNDA:4,(anonymous_14)
FNDA:0,(anonymous_15)
FNDA:16,(anonymous_16)
FNDA:0,(anonymous_17)
FNDA:0,(anonymous_18)
FNDA:0,(anonymous_19)
FNDA:0,(anonymous_20)
FNDA:0,(anonymous_21)
FNDA:4,(anonymous_22)
FNDA:0,(anonymous_23)
FNDA:0,(anonymous_24)
FNDA:0,(anonymous_25)
FNDA:0,(anonymous_26)
FNDA:0,(anonymous_27)
FNDA:1,(anonymous_28)
DA:30,2
DA:31,4
DA:32,4
DA:33,0
DA:34,0
DA:35,0
DA:39,4
DA:41,4
DA:42,4
DA:43,4
DA:44,4
DA:45,4
DA:50,4
DA:51,1
DA:52,1
DA:53,1
DA:54,0
DA:55,0
DA:56,0
DA:57,0
DA:58,0
DA:60,0
DA:64,1
DA:65,1
DA:66,1
DA:67,1
DA:68,0
DA:69,0
DA:71,0
DA:72,0
DA:73,0
DA:74,0
DA:77,0
DA:80,1
DA:81,1
DA:82,1
DA:83,1
DA:84,0
DA:85,0
DA:87,0
DA:88,0
DA:89,0
DA:93,0
DA:96,1
DA:100,4
DA:101,4
DA:102,4
DA:103,4
DA:104,4
DA:126,4
DA:134,4
DA:135,0
DA:136,0
DA:139,4
DA:140,0
DA:141,0
DA:143,0
DA:146,0
DA:148,0
DA:151,0
DA:156,4
DA:157,0
DA:160,0
DA:162,0
DA:163,0
DA:169,0
DA:170,0
DA:173,0
DA:177,0
DA:184,0
DA:185,0
DA:186,0
DA:189,0
DA:193,0
DA:194,0
DA:195,0
DA:198,4
DA:199,0
DA:200,0
DA:203,4
DA:204,0
DA:207,4
DA:208,1
DA:209,0
DA:210,0
DA:211,0
DA:214,1
DA:227,4
DA:228,0
DA:229,0
DA:232,4
DA:233,4
DA:236,0
DA:247,16
DA:258,0
DA:267,0
DA:270,0
DA:297,4
DA:307,4
DA:318,4
DA:320,4
DA:322,4
DA:328,0
DA:337,0
DA:339,0
DA:343,0
DA:348,0
DA:364,4
DA:375,1
LF:109
LH:47
BRDA:68,0,0,0
BRDA:68,0,1,0
BRDA:84,1,0,0
BRDA:84,1,1,0
BRDA:162,2,0,0
BRDA:162,2,1,0
BRDA:208,3,0,0
BRDA:208,3,1,1
BRDA:244,4,0,0
BRDA:244,4,1,4
BRDA:247,5,0,16
BRDA:247,5,1,12
BRDA:252,6,0,12
BRDA:252,6,1,8
BRDA:261,7,0,12
BRDA:261,7,1,4
BRDA:261,7,2,4
BRDA:261,7,3,0
BRDA:328,8,0,0
BRDA:328,8,1,0
BRDA:339,9,0,0
BRDA:339,9,1,0
BRDA:342,10,0,0
BRDA:342,10,1,0
BRDA:347,11,0,0
BRDA:347,11,1,0
BRF:26
BRH:9
end_of_record
TN:
SF:src\pages\MonthlyBudget\MonthlyBudget.js
FN:15,(anonymous_0)
FN:35,(anonymous_1)
FN:56,(anonymous_2)
FN:65,(anonymous_3)
FN:68,(anonymous_4)
FN:73,(anonymous_5)
FN:74,(anonymous_6)
FN:79,(anonymous_7)
FN:87,(anonymous_8)
FN:95,(anonymous_9)
FN:102,(anonymous_10)
FN:104,(anonymous_11)
FN:105,(anonymous_12)
FN:109,(anonymous_13)
FN:113,(anonymous_14)
FN:120,(anonymous_15)
FN:121,(anonymous_16)
FN:124,(anonymous_17)
FN:133,(anonymous_18)
FN:147,(anonymous_19)
FN:157,(anonymous_20)
FN:163,(anonymous_21)
FN:175,(anonymous_22)
FN:178,(anonymous_23)
FN:178,(anonymous_24)
FN:196,(anonymous_25)
FN:201,(anonymous_26)
FN:203,(anonymous_27)
FN:213,(anonymous_28)
FN:220,(anonymous_29)
FN:230,(anonymous_30)
FN:235,(anonymous_31)
FNF:32
FNH:23
FNDA:15,(anonymous_0)
FNDA:1,(anonymous_1)
FNDA:1,(anonymous_2)
FNDA:1,(anonymous_3)
FNDA:1,(anonymous_4)
FNDA:4,(anonymous_5)
FNDA:1,(anonymous_6)
FNDA:0,(anonymous_7)
FNDA:0,(anonymous_8)
FNDA:0,(anonymous_9)
FNDA:1,(anonymous_10)
FNDA:1,(anonymous_11)
FNDA:1,(anonymous_12)
FNDA:1,(anonymous_13)
FNDA:1,(anonymous_14)
FNDA:4,(anonymous_15)
FNDA:4,(anonymous_16)
FNDA:0,(anonymous_17)
FNDA:4,(anonymous_18)
FNDA:1,(anonymous_19)
FNDA:2,(anonymous_20)
FNDA:156,(anonymous_21)
FNDA:2,(anonymous_22)
FNDA:130,(anonymous_23)
FNDA:130,(anonymous_24)
FNDA:0,(anonymous_25)
FNDA:0,(anonymous_26)
FNDA:0,(anonymous_27)
FNDA:0,(anonymous_28)
FNDA:0,(anonymous_29)
FNDA:1,(anonymous_30)
FNDA:1,(anonymous_31)
DA:11,2
DA:15,2
DA:17,15
DA:18,13
DA:21,13
DA:35,13
DA:36,1
DA:38,1
DA:39,1
DA:40,1
DA:41,1
DA:42,0
DA:52,0
DA:56,1
DA:57,1
DA:58,0
DA:60,0
DA:61,0
DA:65,13
DA:66,1
DA:67,1
DA:68,1
DA:73,13
DA:74,4
DA:79,13
DA:80,0
DA:81,0
DA:82,0
DA:83,0
DA:85,0
DA:87,0
DA:91,0
DA:95,13
DA:96,0
DA:102,13
DA:104,1
DA:105,1
DA:106,1
DA:109,13
DA:110,1
DA:112,1
DA:113,1
DA:120,13
DA:121,4
DA:122,4
DA:123,4
DA:124,0
DA:127,0
DA:130,4
DA:133,13
DA:134,4
DA:136,13
DA:147,1
DA:157,2
DA:164,156
DA:175,2
DA:178,130
DA:179,130
DA:197,0
DA:201,0
DA:204,0
DA:213,0
DA:220,0
DA:230,1
DA:235,1
LF:65
LH:45
BRDA:41,0,0,0
BRDA:41,0,1,1
BRDA:56,1,0,1
BRDA:56,1,1,0
BRDA:81,2,0,0
BRDA:81,2,1,0
BRDA:196,3,0,13
BRDA:196,3,1,13
BRDA:196,3,2,0
BRDA:196,3,3,0
BRF:10
BRH:4
end_of_record
TN:
SF:src\utils\StaticData.js
FNF:0
FNH:0
DA:1,3
DA:2,3
DA:3,3
DA:4,3
DA:5,3
DA:6,3
DA:7,3
DA:8,3
DA:9,3
LF:9
LH:9
BRF:0
BRH:0
end_of_record
TN:
SF:src\utils\useExpensesApi.js
FN:2,(anonymous_0)
FN:4,(anonymous_1)
FN:12,(anonymous_2)
FN:25,(anonymous_3)
FN:45,(anonymous_4)
FN:68,(anonymous_5)
FNF:6
FNH:3
FNDA:11,(anonymous_0)
FNDA:23,(anonymous_1)
FNDA:1,(anonymous_2)
FNDA:0,(anonymous_3)
FNDA:0,(anonymous_4)
FNDA:0,(anonymous_5)
DA:2,2
DA:4,11
DA:5,23
DA:6,23
DA:7,18
DA:12,11
DA:13,1
DA:14,1
DA:15,0
DA:16,0
DA:18,0
DA:19,0
DA:21,0
DA:25,11
DA:26,0
DA:28,0
DA:35,0
DA:36,0
DA:38,0
DA:39,0
DA:41,0
DA:45,11
DA:46,0
DA:48,0
DA:56,0
DA:57,0
DA:60,0
DA:61,0
DA:63,0
DA:68,11
DA:69,0
DA:72,0
DA:81,0
DA:82,0
DA:86,0
DA:87,0
DA:90,0
DA:94,11
LF:38
LH:12
BRDA:6,0,0,18
BRDA:6,0,1,5
BRDA:15,1,0,0
BRDA:15,1,1,0
BRDA:35,2,0,0
BRDA:35,2,1,0
BRDA:56,3,0,0
BRDA:56,3,1,0
BRDA:81,4,0,0
BRDA:81,4,1,0
BRF:10
BRH:2
end_of_record
